{"/home/ubuntu/solvio-dapp/frontend/src/components/MediaUpload.tsx": {"path":"/home/ubuntu/solvio-dapp/frontend/src/components/MediaUpload.tsx","statementMap":{"0":{"start":{"line":12,"column":0},"end":{"line":12,"column":16}},"1":{"start":{"line":1,"column":0},"end":{"line":1,"column":41}},"2":{"start":{"line":2,"column":0},"end":{"line":2,"column":58}},"3":{"start":{"line":3,"column":0},"end":{"line":3,"column":37}},"4":{"start":{"line":4,"column":0},"end":{"line":4,"column":44}},"5":{"start":{"line":5,"column":0},"end":{"line":5,"column":45}},"6":{"start":{"line":6,"column":0},"end":{"line":6,"column":57}},"7":{"start":{"line":13,"column":16},"end":{"line":13,"column":29}},"8":{"start":{"line":14,"column":32},"end":{"line":20,"column":4}},"9":{"start":{"line":21,"column":23},"end":{"line":21,"column":53}},"10":{"start":{"line":22,"column":39},"end":{"line":22,"column":49}},"11":{"start":{"line":23,"column":24},"end":{"line":23,"column":35}},"12":{"start":{"line":25,"column":27},"end":{"line":81,"column":3}},"13":{"start":{"line":26,"column":17},"end":{"line":26,"column":40}},"14":{"start":{"line":27,"column":4},"end":{"line":27,"column":22}},"15":{"start":{"line":27,"column":15},"end":{"line":27,"column":22}},"16":{"start":{"line":30,"column":4},"end":{"line":34,"column":8}},"17":{"start":{"line":30,"column":24},"end":{"line":34,"column":6}},"18":{"start":{"line":36,"column":4},"end":{"line":80,"column":5}},"19":{"start":{"line":38,"column":6},"end":{"line":40,"column":7}},"20":{"start":{"line":39,"column":8},"end":{"line":39,"column":54}},"21":{"start":{"line":43,"column":6},"end":{"line":55,"column":7}},"22":{"start":{"line":44,"column":23},"end":{"line":50,"column":10}},"23":{"start":{"line":45,"column":25},"end":{"line":45,"column":41}},"24":{"start":{"line":46,"column":10},"end":{"line":48,"column":12}},"25":{"start":{"line":47,"column":12},"end":{"line":47,"column":45}},"26":{"start":{"line":49,"column":10},"end":{"line":49,"column":37}},"27":{"start":{"line":51,"column":8},"end":{"line":54,"column":12}},"28":{"start":{"line":51,"column":28},"end":{"line":54,"column":10}},"29":{"start":{"line":58,"column":21},"end":{"line":58,"column":44}},"30":{"start":{"line":59,"column":6},"end":{"line":61,"column":7}},"31":{"start":{"line":60,"column":8},"end":{"line":60,"column":43}},"32":{"start":{"line":64,"column":6},"end":{"line":66,"column":7}},"33":{"start":{"line":65,"column":8},"end":{"line":65,"column":40}},"34":{"start":{"line":68,"column":23},"end":{"line":68,"column":91}},"35":{"start":{"line":69,"column":27},"end":{"line":71,"column":54}},"36":{"start":{"line":73,"column":6},"end":{"line":76,"column":10}},"37":{"start":{"line":73,"column":26},"end":{"line":76,"column":8}},"38":{"start":{"line":77,"column":6},"end":{"line":79,"column":7}},"39":{"start":{"line":78,"column":8},"end":{"line":78,"column":40}},"40":{"start":{"line":83,"column":23},"end":{"line":91,"column":3}},"41":{"start":{"line":84,"column":4},"end":{"line":87,"column":8}},"42":{"start":{"line":84,"column":24},"end":{"line":87,"column":6}},"43":{"start":{"line":88,"column":4},"end":{"line":90,"column":5}},"44":{"start":{"line":89,"column":6},"end":{"line":89,"column":38}},"45":{"start":{"line":93,"column":2},"end":{"line":131,"column":4}},"46":{"start":{"line":121,"column":25},"end":{"line":121,"column":54}}},"fnMap":{"0":{"name":"MediaUpload","decl":{"start":{"line":12,"column":16},"end":{"line":12,"column":27}},"loc":{"start":{"line":12,"column":58},"end":{"line":132,"column":1}}},"1":{"name":"(anonymous_1)","decl":{"start":{"line":25,"column":27},"end":{"line":25,"column":32}},"loc":{"start":{"line":25,"column":80},"end":{"line":81,"column":3}}},"2":{"name":"(anonymous_2)","decl":{"start":{"line":30,"column":15},"end":{"line":30,"column":19}},"loc":{"start":{"line":30,"column":24},"end":{"line":34,"column":6}}},"3":{"name":"(anonymous_3)","decl":{"start":{"line":44,"column":49},"end":{"line":44,"column":50}},"loc":{"start":{"line":44,"column":61},"end":{"line":50,"column":9}}},"4":{"name":"(anonymous_4)","decl":{"start":{"line":46,"column":29},"end":{"line":46,"column":32}},"loc":{"start":{"line":46,"column":34},"end":{"line":48,"column":11}}},"5":{"name":"(anonymous_5)","decl":{"start":{"line":51,"column":19},"end":{"line":51,"column":23}},"loc":{"start":{"line":51,"column":28},"end":{"line":54,"column":10}}},"6":{"name":"(anonymous_6)","decl":{"start":{"line":73,"column":17},"end":{"line":73,"column":21}},"loc":{"start":{"line":73,"column":26},"end":{"line":76,"column":8}}},"7":{"name":"(anonymous_7)","decl":{"start":{"line":83,"column":23},"end":{"line":83,"column":26}},"loc":{"start":{"line":83,"column":28},"end":{"line":91,"column":3}}},"8":{"name":"(anonymous_8)","decl":{"start":{"line":84,"column":15},"end":{"line":84,"column":19}},"loc":{"start":{"line":84,"column":24},"end":{"line":87,"column":6}}},"9":{"name":"(anonymous_9)","decl":{"start":{"line":121,"column":19},"end":{"line":121,"column":22}},"loc":{"start":{"line":121,"column":25},"end":{"line":121,"column":54}}}},"branchMap":{"0":{"loc":{"start":{"line":27,"column":4},"end":{"line":27,"column":22}},"type":"if","locations":[{"start":{"line":27,"column":4},"end":{"line":27,"column":22}}]},"1":{"loc":{"start":{"line":38,"column":6},"end":{"line":40,"column":7}},"type":"if","locations":[{"start":{"line":38,"column":6},"end":{"line":40,"column":7}}]},"2":{"loc":{"start":{"line":43,"column":6},"end":{"line":55,"column":7}},"type":"if","locations":[{"start":{"line":43,"column":6},"end":{"line":55,"column":7}}]},"3":{"loc":{"start":{"line":59,"column":6},"end":{"line":61,"column":7}},"type":"if","locations":[{"start":{"line":59,"column":6},"end":{"line":61,"column":7}}]},"4":{"loc":{"start":{"line":64,"column":6},"end":{"line":66,"column":7}},"type":"if","locations":[{"start":{"line":64,"column":6},"end":{"line":66,"column":7}}]},"5":{"loc":{"start":{"line":68,"column":23},"end":{"line":68,"column":91}},"type":"cond-expr","locations":[{"start":{"line":68,"column":48},"end":{"line":68,"column":53}},{"start":{"line":68,"column":56},"end":{"line":68,"column":91}}]},"6":{"loc":{"start":{"line":69,"column":27},"end":{"line":71,"column":54}},"type":"cond-expr","locations":[{"start":{"line":70,"column":10},"end":{"line":70,"column":52}},{"start":{"line":71,"column":10},"end":{"line":71,"column":54}}]},"7":{"loc":{"start":{"line":71,"column":10},"end":{"line":71,"column":54}},"type":"binary-expr","locations":[{"start":{"line":71,"column":10},"end":{"line":71,"column":26}},{"start":{"line":71,"column":30},"end":{"line":71,"column":54}}]},"8":{"loc":{"start":{"line":77,"column":6},"end":{"line":79,"column":7}},"type":"if","locations":[{"start":{"line":77,"column":6},"end":{"line":79,"column":7}}]},"9":{"loc":{"start":{"line":88,"column":4},"end":{"line":90,"column":5}},"type":"if","locations":[{"start":{"line":88,"column":4},"end":{"line":90,"column":5}}]},"10":{"loc":{"start":{"line":95,"column":7},"end":{"line":98,"column":null}},"type":"binary-expr","locations":[{"start":{"line":95,"column":7},"end":{"line":95,"column":20}},{"start":{"line":96,"column":8},"end":{"line":97,"column":null}}]},"11":{"loc":{"start":{"line":109,"column":7},"end":{"line":128,"column":null}},"type":"cond-expr","locations":[{"start":{"line":110,"column":8},"end":{"line":117,"column":null}},{"start":{"line":120,"column":8},"end":{"line":127,"column":null}}]}},"s":{"0":1,"1":1,"2":1,"3":1,"4":1,"5":1,"6":1,"7":8,"8":8,"9":8,"10":8,"11":8,"12":8,"13":3,"14":3,"15":0,"16":3,"17":3,"18":3,"19":3,"20":1,"21":2,"22":2,"23":2,"24":2,"25":2,"26":2,"27":2,"28":2,"29":2,"30":1,"31":1,"32":1,"33":1,"34":2,"35":2,"36":2,"37":2,"38":2,"39":2,"40":8,"41":0,"42":0,"43":0,"44":0,"45":8,"46":0},"f":{"0":8,"1":3,"2":3,"3":2,"4":2,"5":2,"6":2,"7":0,"8":0,"9":0},"b":{"0":[0],"1":[1],"2":[2],"3":[1],"4":[1],"5":[2,0],"6":[1,1],"7":[1,0],"8":[2],"9":[0],"10":[8,2],"11":[2,6]}}
,"/home/ubuntu/solvio-dapp/frontend/src/components/SearchBar.tsx": {"path":"/home/ubuntu/solvio-dapp/frontend/src/components/SearchBar.tsx","statementMap":{"0":{"start":{"line":10,"column":0},"end":{"line":10,"column":16}},"1":{"start":{"line":1,"column":0},"end":{"line":1,"column":31}},"2":{"start":{"line":2,"column":0},"end":{"line":2,"column":46}},"3":{"start":{"line":3,"column":0},"end":{"line":3,"column":58}},"4":{"start":{"line":11,"column":16},"end":{"line":11,"column":29}},"5":{"start":{"line":12,"column":40},"end":{"line":12,"column":61}},"6":{"start":{"line":13,"column":32},"end":{"line":17,"column":4}},"7":{"start":{"line":19,"column":28},"end":{"line":28,"column":3}},"8":{"start":{"line":20,"column":23},"end":{"line":25,"column":6}},"9":{"start":{"line":26,"column":4},"end":{"line":26,"column":27}},"10":{"start":{"line":27,"column":4},"end":{"line":27,"column":25}},"11":{"start":{"line":30,"column":27},"end":{"line":48,"column":3}},"12":{"start":{"line":32,"column":17},"end":{"line":32,"column":52}},"13":{"start":{"line":33,"column":22},"end":{"line":36,"column":6}},"14":{"start":{"line":39,"column":23},"end":{"line":44,"column":6}},"15":{"start":{"line":46,"column":4},"end":{"line":46,"column":27}},"16":{"start":{"line":47,"column":4},"end":{"line":47,"column":25}},"17":{"start":{"line":50,"column":32},"end":{"line":59,"column":3}},"18":{"start":{"line":51,"column":23},"end":{"line":51,"column":47}},"19":{"start":{"line":52,"column":26},"end":{"line":54,"column":29}},"20":{"start":{"line":53,"column":33},"end":{"line":53,"column":43}},"21":{"start":{"line":56,"column":23},"end":{"line":56,"column":64}},"22":{"start":{"line":57,"column":4},"end":{"line":57,"column":27}},"23":{"start":{"line":58,"column":4},"end":{"line":58,"column":25}},"24":{"start":{"line":61,"column":2},"end":{"line":125,"column":4}},"25":{"start":{"line":74,"column":27},"end":{"line":74,"column":55}},"26":{"start":{"line":90,"column":35},"end":{"line":90,"column":76}},"27":{"start":{"line":97,"column":35},"end":{"line":97,"column":74}},"28":{"start":{"line":107,"column":18},"end":{"line":108,"column":null}},"29":{"start":{"line":109,"column":35},"end":{"line":109,"column":62}}},"fnMap":{"0":{"name":"SearchBar","decl":{"start":{"line":10,"column":16},"end":{"line":10,"column":25}},"loc":{"start":{"line":10,"column":54},"end":{"line":126,"column":1}}},"1":{"name":"(anonymous_7)","decl":{"start":{"line":19,"column":28},"end":{"line":19,"column":29}},"loc":{"start":{"line":19,"column":71},"end":{"line":28,"column":3}}},"2":{"name":"(anonymous_8)","decl":{"start":{"line":30,"column":27},"end":{"line":30,"column":28}},"loc":{"start":{"line":30,"column":68},"end":{"line":48,"column":3}}},"3":{"name":"(anonymous_9)","decl":{"start":{"line":50,"column":32},"end":{"line":50,"column":33}},"loc":{"start":{"line":50,"column":88},"end":{"line":59,"column":3}}},"4":{"name":"(anonymous_10)","decl":{"start":{"line":53,"column":26},"end":{"line":53,"column":27}},"loc":{"start":{"line":53,"column":33},"end":{"line":53,"column":43}}},"5":{"name":"(anonymous_11)","decl":{"start":{"line":74,"column":21},"end":{"line":74,"column":24}},"loc":{"start":{"line":74,"column":27},"end":{"line":74,"column":55}}},"6":{"name":"(anonymous_12)","decl":{"start":{"line":90,"column":28},"end":{"line":90,"column":29}},"loc":{"start":{"line":90,"column":35},"end":{"line":90,"column":76}}},"7":{"name":"(anonymous_13)","decl":{"start":{"line":97,"column":28},"end":{"line":97,"column":29}},"loc":{"start":{"line":97,"column":35},"end":{"line":97,"column":74}}},"8":{"name":"(anonymous_14)","decl":{"start":{"line":106,"column":76},"end":{"line":106,"column":80}},"loc":{"start":{"line":107,"column":18},"end":{"line":108,"column":null}}},"9":{"name":"(anonymous_15)","decl":{"start":{"line":109,"column":29},"end":{"line":109,"column":32}},"loc":{"start":{"line":109,"column":35},"end":{"line":109,"column":62}}}},"branchMap":{"0":{"loc":{"start":{"line":32,"column":17},"end":{"line":32,"column":52}},"type":"cond-expr","locations":[{"start":{"line":32,"column":25},"end":{"line":32,"column":40}},{"start":{"line":32,"column":43},"end":{"line":32,"column":52}}]},"1":{"loc":{"start":{"line":43,"column":18},"end":{"line":43,"column":42}},"type":"binary-expr","locations":[{"start":{"line":43,"column":18},"end":{"line":43,"column":36}},{"start":{"line":43,"column":40},"end":{"line":43,"column":42}}]},"2":{"loc":{"start":{"line":51,"column":23},"end":{"line":51,"column":47}},"type":"binary-expr","locations":[{"start":{"line":51,"column":23},"end":{"line":51,"column":41}},{"start":{"line":51,"column":45},"end":{"line":51,"column":47}}]},"3":{"loc":{"start":{"line":52,"column":26},"end":{"line":54,"column":29}},"type":"cond-expr","locations":[{"start":{"line":53,"column":8},"end":{"line":53,"column":44}},{"start":{"line":54,"column":8},"end":{"line":54,"column":29}}]},"4":{"loc":{"start":{"line":81,"column":9},"end":{"line":121,"column":null}},"type":"binary-expr","locations":[{"start":{"line":81,"column":9},"end":{"line":81,"column":20}},{"start":{"line":82,"column":10},"end":{"line":120,"column":null}}]},"5":{"loc":{"start":{"line":89,"column":25},"end":{"line":89,"column":84}},"type":"binary-expr","locations":[{"start":{"line":89,"column":25},"end":{"line":89,"column":78}},{"start":{"line":89,"column":82},"end":{"line":89,"column":84}}]},"6":{"loc":{"start":{"line":96,"column":25},"end":{"line":96,"column":82}},"type":"binary-expr","locations":[{"start":{"line":96,"column":25},"end":{"line":96,"column":76}},{"start":{"line":96,"column":80},"end":{"line":96,"column":82}}]},"7":{"loc":{"start":{"line":111,"column":22},"end":{"line":113,"column":null}},"type":"cond-expr","locations":[{"start":{"line":112,"column":26},"end":{"line":112,"column":50}},{"start":{"line":113,"column":26},"end":{"line":113,"column":null}}]}},"s":{"0":1,"1":1,"2":1,"3":1,"4":11,"5":11,"6":11,"7":11,"8":1,"9":1,"10":1,"11":11,"12":2,"13":2,"14":2,"15":2,"16":2,"17":11,"18":3,"19":3,"20":2,"21":3,"22":3,"23":3,"24":11,"25":2,"26":1,"27":1,"28":35,"29":3},"f":{"0":11,"1":1,"2":2,"3":3,"4":2,"5":2,"6":1,"7":1,"8":35,"9":3},"b":{"0":[2,0],"1":[2,0],"2":[3,0],"3":[1,2],"4":[11,7],"5":[7,5],"6":[7,6],"7":[4,31]}}
,"/home/ubuntu/solvio-dapp/frontend/src/components/ui/button.tsx": {"path":"/home/ubuntu/solvio-dapp/frontend/src/components/ui/button.tsx","statementMap":{"0":{"start":{"line":1,"column":0},"end":{"line":1,"column":30}},"1":{"start":{"line":2,"column":0},"end":{"line":2,"column":43}},"2":{"start":{"line":3,"column":0},"end":{"line":3,"column":65}},"3":{"start":{"line":5,"column":0},"end":{"line":5,"column":32}},"4":{"start":{"line":7,"column":23},"end":{"line":34,"column":null}},"5":{"start":{"line":57,"column":17},"end":{"line":57,"column":31}},"6":{"start":{"line":43,"column":15},"end":{"line":53,"column":null}},"7":{"start":{"line":45,"column":17},"end":{"line":45,"column":42}},"8":{"start":{"line":46,"column":4},"end":{"line":52,"column":null}},"9":{"start":{"line":57,"column":9},"end":{"line":57,"column":15}},"10":{"start":{"line":55,"column":0},"end":{"line":55,"column":null}}},"fnMap":{"0":{"name":"(anonymous_6)","decl":{"start":{"line":44,"column":2},"end":{"line":44,"column":3}},"loc":{"start":{"line":44,"column":67},"end":{"line":53,"column":3}}}},"branchMap":{"0":{"loc":{"start":{"line":44,"column":31},"end":{"line":44,"column":46}},"type":"default-arg","locations":[{"start":{"line":44,"column":41},"end":{"line":44,"column":46}}]},"1":{"loc":{"start":{"line":45,"column":17},"end":{"line":45,"column":42}},"type":"cond-expr","locations":[{"start":{"line":45,"column":27},"end":{"line":45,"column":31}},{"start":{"line":45,"column":34},"end":{"line":45,"column":42}}]}},"s":{"0":1,"1":1,"2":1,"3":1,"4":1,"5":1,"6":1,"7":6,"8":6,"9":1,"10":1},"f":{"0":6},"b":{"0":[6],"1":[0,6]}}
,"/home/ubuntu/solvio-dapp/frontend/src/contexts/LanguageContext.tsx": {"path":"/home/ubuntu/solvio-dapp/frontend/src/contexts/LanguageContext.tsx","statementMap":{"0":{"start":{"line":218,"column":0},"end":{"line":218,"column":16}},"1":{"start":{"line":235,"column":0},"end":{"line":235,"column":16}},"2":{"start":{"line":2,"column":0},"end":{"line":2,"column":60}},"3":{"start":{"line":79,"column":71},"end":{"line":214,"column":2}},"4":{"start":{"line":216,"column":24},"end":{"line":216,"column":81}},"5":{"start":{"line":219,"column":34},"end":{"line":219,"column":58}},"6":{"start":{"line":221,"column":12},"end":{"line":226,"column":3}},"7":{"start":{"line":222,"column":4},"end":{"line":224,"column":5}},"8":{"start":{"line":223,"column":6},"end":{"line":223,"column":59}},"9":{"start":{"line":225,"column":4},"end":{"line":225,"column":15}},"10":{"start":{"line":228,"column":2},"end":{"line":232,"column":4}},"11":{"start":{"line":236,"column":18},"end":{"line":236,"column":45}},"12":{"start":{"line":237,"column":2},"end":{"line":239,"column":3}},"13":{"start":{"line":238,"column":4},"end":{"line":238,"column":74}},"14":{"start":{"line":240,"column":2},"end":{"line":240,"column":17}}},"fnMap":{"0":{"name":"LanguageProvider","decl":{"start":{"line":218,"column":16},"end":{"line":218,"column":32}},"loc":{"start":{"line":218,"column":76},"end":{"line":233,"column":1}}},"1":{"name":"(anonymous_1)","decl":{"start":{"line":221,"column":12},"end":{"line":221,"column":13}},"loc":{"start":{"line":221,"column":36},"end":{"line":226,"column":3}}},"2":{"name":"useLanguage","decl":{"start":{"line":235,"column":16},"end":{"line":235,"column":27}},"loc":{"start":{"line":235,"column":27},"end":{"line":241,"column":1}}}},"branchMap":{"0":{"loc":{"start":{"line":222,"column":4},"end":{"line":224,"column":5}},"type":"if","locations":[{"start":{"line":222,"column":4},"end":{"line":224,"column":5}}]},"1":{"loc":{"start":{"line":237,"column":2},"end":{"line":239,"column":3}},"type":"if","locations":[{"start":{"line":237,"column":2},"end":{"line":239,"column":3}}]}},"s":{"0":3,"1":3,"2":3,"3":3,"4":3,"5":12,"6":12,"7":66,"8":6,"9":60,"10":12,"11":19,"12":19,"13":0,"14":19},"f":{"0":12,"1":66,"2":19},"b":{"0":[6],"1":[0]}}
,"/home/ubuntu/solvio-dapp/frontend/src/hooks/useKeyManagement.ts": {"path":"/home/ubuntu/solvio-dapp/frontend/src/hooks/useKeyManagement.ts","statementMap":{"0":{"start":{"line":16,"column":0},"end":{"line":16,"column":16}},"1":{"start":{"line":20,"column":0},"end":{"line":20,"column":16}},"2":{"start":{"line":24,"column":0},"end":{"line":24,"column":16}},"3":{"start":{"line":28,"column":0},"end":{"line":28,"column":16}},"4":{"start":{"line":32,"column":0},"end":{"line":32,"column":16}},"5":{"start":{"line":45,"column":0},"end":{"line":45,"column":16}},"6":{"start":{"line":1,"column":0},"end":{"line":1,"column":57}},"7":{"start":{"line":2,"column":0},"end":{"line":2,"column":57}},"8":{"start":{"line":3,"column":0},"end":{"line":3,"column":44}},"9":{"start":{"line":4,"column":0},"end":{"line":4,"column":32}},"10":{"start":{"line":5,"column":0},"end":{"line":5,"column":83}},"11":{"start":{"line":17,"column":2},"end":{"line":17,"column":37}},"12":{"start":{"line":21,"column":2},"end":{"line":21,"column":38}},"13":{"start":{"line":25,"column":2},"end":{"line":25,"column":35}},"14":{"start":{"line":29,"column":2},"end":{"line":29,"column":79}},"15":{"start":{"line":29,"column":53},"end":{"line":29,"column":77}},"16":{"start":{"line":33,"column":2},"end":{"line":41,"column":3}},"17":{"start":{"line":34,"column":4},"end":{"line":34,"column":16}},"18":{"start":{"line":35,"column":9},"end":{"line":41,"column":3}},"19":{"start":{"line":36,"column":4},"end":{"line":36,"column":32}},"20":{"start":{"line":37,"column":9},"end":{"line":41,"column":3}},"21":{"start":{"line":38,"column":4},"end":{"line":38,"column":39}},"22":{"start":{"line":39,"column":9},"end":{"line":41,"column":3}},"23":{"start":{"line":40,"column":4},"end":{"line":40,"column":32}},"24":{"start":{"line":42,"column":2},"end":{"line":42,"column":46}},"25":{"start":{"line":46,"column":37},"end":{"line":46,"column":48}},"26":{"start":{"line":47,"column":32},"end":{"line":47,"column":62}},"27":{"start":{"line":50,"column":28},"end":{"line":215,"column":30}},"28":{"start":{"line":51,"column":4},"end":{"line":57,"column":5}},"29":{"start":{"line":52,"column":6},"end":{"line":55,"column":9}},"30":{"start":{"line":56,"column":6},"end":{"line":56,"column":13}},"31":{"start":{"line":58,"column":4},"end":{"line":58,"column":105}},"32":{"start":{"line":60,"column":4},"end":{"line":214,"column":5}},"33":{"start":{"line":62,"column":31},"end":{"line":62,"column":100}},"34":{"start":{"line":64,"column":6},"end":{"line":208,"column":7}},"35":{"start":{"line":66,"column":24},"end":{"line":66,"column":71}},"36":{"start":{"line":67,"column":26},"end":{"line":67,"column":52}},"37":{"start":{"line":70,"column":8},"end":{"line":73,"column":9}},"38":{"start":{"line":71,"column":10},"end":{"line":71,"column":77}},"39":{"start":{"line":72,"column":10},"end":{"line":72,"column":62}},"40":{"start":{"line":77,"column":8},"end":{"line":93,"column":9}},"41":{"start":{"line":78,"column":10},"end":{"line":80,"column":11}},"42":{"start":{"line":79,"column":12},"end":{"line":79,"column":62}},"43":{"start":{"line":83,"column":10},"end":{"line":83,"column":69}},"44":{"start":{"line":85,"column":10},"end":{"line":89,"column":13}},"45":{"start":{"line":91,"column":10},"end":{"line":91,"column":81}},"46":{"start":{"line":92,"column":10},"end":{"line":92,"column":64}},"47":{"start":{"line":95,"column":8},"end":{"line":100,"column":11}},"48":{"start":{"line":102,"column":8},"end":{"line":105,"column":9}},"49":{"start":{"line":103,"column":10},"end":{"line":103,"column":90}},"50":{"start":{"line":104,"column":10},"end":{"line":104,"column":69}},"51":{"start":{"line":108,"column":32},"end":{"line":108,"column":59}},"52":{"start":{"line":109,"column":19},"end":{"line":109,"column":73}},"53":{"start":{"line":110,"column":8},"end":{"line":113,"column":9}},"54":{"start":{"line":111,"column":10},"end":{"line":111,"column":83}},"55":{"start":{"line":112,"column":10},"end":{"line":112,"column":66}},"56":{"start":{"line":114,"column":24},"end":{"line":114,"column":55}},"57":{"start":{"line":117,"column":20},"end":{"line":122,"column":null}},"58":{"start":{"line":125,"column":36},"end":{"line":131,"column":null}},"59":{"start":{"line":134,"column":27},"end":{"line":134,"column":62}},"60":{"start":{"line":136,"column":8},"end":{"line":139,"column":11}},"61":{"start":{"line":142,"column":24},"end":{"line":142,"column":47}},"62":{"start":{"line":145,"column":24},"end":{"line":145,"column":71}},"63":{"start":{"line":146,"column":26},"end":{"line":146,"column":52}},"64":{"start":{"line":150,"column":8},"end":{"line":171,"column":9}},"65":{"start":{"line":151,"column":10},"end":{"line":153,"column":11}},"66":{"start":{"line":152,"column":12},"end":{"line":152,"column":62}},"67":{"start":{"line":156,"column":10},"end":{"line":156,"column":69}},"68":{"start":{"line":158,"column":10},"end":{"line":162,"column":13}},"69":{"start":{"line":164,"column":10},"end":{"line":167,"column":11}},"70":{"start":{"line":165,"column":12},"end":{"line":165,"column":92}},"71":{"start":{"line":166,"column":12},"end":{"line":166,"column":71}},"72":{"start":{"line":169,"column":10},"end":{"line":169,"column":81}},"73":{"start":{"line":170,"column":10},"end":{"line":170,"column":64}},"74":{"start":{"line":174,"column":32},"end":{"line":174,"column":59}},"75":{"start":{"line":175,"column":19},"end":{"line":175,"column":73}},"76":{"start":{"line":176,"column":8},"end":{"line":179,"column":9}},"77":{"start":{"line":177,"column":10},"end":{"line":177,"column":83}},"78":{"start":{"line":178,"column":10},"end":{"line":178,"column":66}},"79":{"start":{"line":180,"column":24},"end":{"line":180,"column":55}},"80":{"start":{"line":183,"column":20},"end":{"line":188,"column":null}},"81":{"start":{"line":192,"column":36},"end":{"line":198,"column":null}},"82":{"start":{"line":202,"column":8},"end":{"line":205,"column":10}},"83":{"start":{"line":207,"column":8},"end":{"line":207,"column":28}},"84":{"start":{"line":210,"column":6},"end":{"line":210,"column":80}},"85":{"start":{"line":212,"column":6},"end":{"line":212,"column":23}},"86":{"start":{"line":213,"column":6},"end":{"line":213,"column":18}},"87":{"start":{"line":218,"column":26},"end":{"line":268,"column":3}},"88":{"start":{"line":219,"column":4},"end":{"line":267,"column":5}},"89":{"start":{"line":221,"column":24},"end":{"line":221,"column":41}},"90":{"start":{"line":222,"column":18},"end":{"line":222,"column":75}},"91":{"start":{"line":223,"column":6},"end":{"line":225,"column":7}},"92":{"start":{"line":223,"column":19},"end":{"line":223,"column":20}},"93":{"start":{"line":224,"column":8},"end":{"line":224,"column":47}},"94":{"start":{"line":229,"column":6},"end":{"line":233,"column":7}},"95":{"start":{"line":230,"column":8},"end":{"line":230,"column":45}},"96":{"start":{"line":232,"column":8},"end":{"line":232,"column":61}},"97":{"start":{"line":236,"column":19},"end":{"line":236,"column":68}},"98":{"start":{"line":237,"column":6},"end":{"line":237,"column":26}},"99":{"start":{"line":238,"column":6},"end":{"line":238,"column":42}},"100":{"start":{"line":241,"column":31},"end":{"line":247,"column":null}},"101":{"start":{"line":251,"column":28},"end":{"line":251,"column":95}},"102":{"start":{"line":254,"column":29},"end":{"line":254,"column":47}},"103":{"start":{"line":255,"column":25},"end":{"line":255,"column":68}},"104":{"start":{"line":256,"column":6},"end":{"line":258,"column":9}},"105":{"start":{"line":257,"column":8},"end":{"line":257,"column":45}},"106":{"start":{"line":257,"column":20},"end":{"line":257,"column":45}},"107":{"start":{"line":260,"column":6},"end":{"line":263,"column":8}},"108":{"start":{"line":265,"column":6},"end":{"line":265,"column":59}},"109":{"start":{"line":266,"column":6},"end":{"line":266,"column":63}},"110":{"start":{"line":271,"column":30},"end":{"line":277,"column":15}},"111":{"start":{"line":275,"column":4},"end":{"line":275,"column":62}},"112":{"start":{"line":275,"column":18},"end":{"line":275,"column":62}},"113":{"start":{"line":276,"column":4},"end":{"line":276,"column":55}},"114":{"start":{"line":280,"column":28},"end":{"line":327,"column":15}},"115":{"start":{"line":283,"column":4},"end":{"line":285,"column":5}},"116":{"start":{"line":284,"column":6},"end":{"line":284,"column":51}},"117":{"start":{"line":287,"column":4},"end":{"line":326,"column":5}},"118":{"start":{"line":289,"column":6},"end":{"line":291,"column":7}},"119":{"start":{"line":290,"column":8},"end":{"line":290,"column":60}},"120":{"start":{"line":295,"column":6},"end":{"line":299,"column":7}},"121":{"start":{"line":296,"column":8},"end":{"line":296,"column":40}},"122":{"start":{"line":298,"column":8},"end":{"line":298,"column":71}},"123":{"start":{"line":302,"column":6},"end":{"line":305,"column":7}},"124":{"start":{"line":303,"column":8},"end":{"line":303,"column":78}},"125":{"start":{"line":304,"column":8},"end":{"line":304,"column":47}},"126":{"start":{"line":308,"column":6},"end":{"line":317,"column":7}},"127":{"start":{"line":309,"column":8},"end":{"line":309,"column":83}},"128":{"start":{"line":310,"column":28},"end":{"line":310,"column":46}},"129":{"start":{"line":311,"column":8},"end":{"line":311,"column":78}},"130":{"start":{"line":312,"column":8},"end":{"line":315,"column":9}},"131":{"start":{"line":312,"column":38},"end":{"line":312,"column":48}},"132":{"start":{"line":313,"column":10},"end":{"line":313,"column":82}},"133":{"start":{"line":314,"column":10},"end":{"line":314,"column":29}},"134":{"start":{"line":316,"column":8},"end":{"line":316,"column":33}},"135":{"start":{"line":319,"column":6},"end":{"line":319,"column":60}},"136":{"start":{"line":321,"column":6},"end":{"line":321,"column":48}},"137":{"start":{"line":322,"column":6},"end":{"line":324,"column":7}},"138":{"start":{"line":323,"column":8},"end":{"line":323,"column":20}},"139":{"start":{"line":325,"column":6},"end":{"line":325,"column":85}},"140":{"start":{"line":329,"column":2},"end":{"line":351,"column":50}},"141":{"start":{"line":330,"column":17},"end":{"line":348,"column":5}},"142":{"start":{"line":331,"column":6},"end":{"line":347,"column":7}},"143":{"start":{"line":332,"column":8},"end":{"line":332,"column":69}},"144":{"start":{"line":333,"column":8},"end":{"line":336,"column":9}},"145":{"start":{"line":334,"column":10},"end":{"line":334,"column":93}},"146":{"start":{"line":335,"column":10},"end":{"line":335,"column":17}},"147":{"start":{"line":337,"column":8},"end":{"line":340,"column":9}},"148":{"start":{"line":338,"column":10},"end":{"line":338,"column":103}},"149":{"start":{"line":339,"column":10},"end":{"line":339,"column":17}},"150":{"start":{"line":341,"column":8},"end":{"line":341,"column":34}},"151":{"start":{"line":342,"column":8},"end":{"line":342,"column":66}},"152":{"start":{"line":344,"column":8},"end":{"line":344,"column":74}},"153":{"start":{"line":346,"column":8},"end":{"line":346,"column":25}},"154":{"start":{"line":350,"column":4},"end":{"line":350,"column":11}},"155":{"start":{"line":353,"column":2},"end":{"line":358,"column":4}}},"fnMap":{"0":{"name":"isUint8Array","decl":{"start":{"line":16,"column":16},"end":{"line":16,"column":28}},"loc":{"start":{"line":16,"column":43},"end":{"line":18,"column":1}}},"1":{"name":"isArrayBuffer","decl":{"start":{"line":20,"column":16},"end":{"line":20,"column":29}},"loc":{"start":{"line":20,"column":44},"end":{"line":22,"column":1}}},"2":{"name":"isArrayBufferView","decl":{"start":{"line":24,"column":16},"end":{"line":24,"column":33}},"loc":{"start":{"line":24,"column":48},"end":{"line":26,"column":1}}},"3":{"name":"isNumberArray","decl":{"start":{"line":28,"column":16},"end":{"line":28,"column":29}},"loc":{"start":{"line":28,"column":44},"end":{"line":30,"column":1}}},"4":{"name":"(anonymous_4)","decl":{"start":{"line":29,"column":45},"end":{"line":29,"column":49}},"loc":{"start":{"line":29,"column":53},"end":{"line":29,"column":77}}},"5":{"name":"toUint8Array","decl":{"start":{"line":32,"column":16},"end":{"line":32,"column":28}},"loc":{"start":{"line":32,"column":49},"end":{"line":43,"column":1}}},"6":{"name":"useKeyManagement","decl":{"start":{"line":45,"column":16},"end":{"line":45,"column":32}},"loc":{"start":{"line":45,"column":32},"end":{"line":359,"column":1}}},"7":{"name":"(anonymous_7)","decl":{"start":{"line":50,"column":40},"end":{"line":50,"column":45}},"loc":{"start":{"line":50,"column":51},"end":{"line":215,"column":3}}},"8":{"name":"(anonymous_8)","decl":{"start":{"line":218,"column":26},"end":{"line":218,"column":31}},"loc":{"start":{"line":218,"column":55},"end":{"line":268,"column":3}}},"9":{"name":"(anonymous_9)","decl":{"start":{"line":256,"column":41},"end":{"line":256,"column":42}},"loc":{"start":{"line":256,"column":53},"end":{"line":258,"column":7}}},"10":{"name":"(anonymous_10)","decl":{"start":{"line":271,"column":42},"end":{"line":271,"column":47}},"loc":{"start":{"line":274,"column":33},"end":{"line":277,"column":3}}},"11":{"name":"(anonymous_11)","decl":{"start":{"line":280,"column":40},"end":{"line":280,"column":45}},"loc":{"start":{"line":282,"column":23},"end":{"line":327,"column":3}}},"12":{"name":"(anonymous_12)","decl":{"start":{"line":312,"column":30},"end":{"line":312,"column":34}},"loc":{"start":{"line":312,"column":38},"end":{"line":312,"column":48}}},"13":{"name":"(anonymous_13)","decl":{"start":{"line":329,"column":12},"end":{"line":329,"column":15}},"loc":{"start":{"line":329,"column":17},"end":{"line":351,"column":3}}},"14":{"name":"(anonymous_14)","decl":{"start":{"line":330,"column":17},"end":{"line":330,"column":22}},"loc":{"start":{"line":330,"column":28},"end":{"line":348,"column":5}}}},"branchMap":{"0":{"loc":{"start":{"line":29,"column":9},"end":{"line":29,"column":78}},"type":"binary-expr","locations":[{"start":{"line":29,"column":9},"end":{"line":29,"column":29}},{"start":{"line":29,"column":33},"end":{"line":29,"column":78}}]},"1":{"loc":{"start":{"line":33,"column":2},"end":{"line":41,"column":3}},"type":"if","locations":[{"start":{"line":33,"column":2},"end":{"line":41,"column":3}},{"start":{"line":35,"column":9},"end":{"line":41,"column":3}}]},"2":{"loc":{"start":{"line":35,"column":9},"end":{"line":41,"column":3}},"type":"if","locations":[{"start":{"line":35,"column":9},"end":{"line":41,"column":3}},{"start":{"line":37,"column":9},"end":{"line":41,"column":3}}]},"3":{"loc":{"start":{"line":37,"column":9},"end":{"line":41,"column":3}},"type":"if","locations":[{"start":{"line":37,"column":9},"end":{"line":41,"column":3}},{"start":{"line":39,"column":9},"end":{"line":41,"column":3}}]},"4":{"loc":{"start":{"line":39,"column":9},"end":{"line":41,"column":3}},"type":"if","locations":[{"start":{"line":39,"column":9},"end":{"line":41,"column":3}}]},"5":{"loc":{"start":{"line":51,"column":4},"end":{"line":57,"column":5}},"type":"if","locations":[{"start":{"line":51,"column":4},"end":{"line":57,"column":5}}]},"6":{"loc":{"start":{"line":51,"column":8},"end":{"line":51,"column":34}},"type":"binary-expr","locations":[{"start":{"line":51,"column":8},"end":{"line":51,"column":18}},{"start":{"line":51,"column":22},"end":{"line":51,"column":34}}]},"7":{"loc":{"start":{"line":64,"column":6},"end":{"line":208,"column":7}},"type":"if","locations":[{"start":{"line":64,"column":6},"end":{"line":208,"column":7}},{"start":{"line":140,"column":13},"end":{"line":208,"column":7}}]},"8":{"loc":{"start":{"line":70,"column":8},"end":{"line":73,"column":9}},"type":"if","locations":[{"start":{"line":70,"column":8},"end":{"line":73,"column":9}}]},"9":{"loc":{"start":{"line":78,"column":10},"end":{"line":80,"column":11}},"type":"if","locations":[{"start":{"line":78,"column":10},"end":{"line":80,"column":11}}]},"10":{"loc":{"start":{"line":102,"column":8},"end":{"line":105,"column":9}},"type":"if","locations":[{"start":{"line":102,"column":8},"end":{"line":105,"column":9}}]},"11":{"loc":{"start":{"line":110,"column":8},"end":{"line":113,"column":9}},"type":"if","locations":[{"start":{"line":110,"column":8},"end":{"line":113,"column":9}}]},"12":{"loc":{"start":{"line":151,"column":10},"end":{"line":153,"column":11}},"type":"if","locations":[{"start":{"line":151,"column":10},"end":{"line":153,"column":11}}]},"13":{"loc":{"start":{"line":164,"column":10},"end":{"line":167,"column":11}},"type":"if","locations":[{"start":{"line":164,"column":10},"end":{"line":167,"column":11}}]},"14":{"loc":{"start":{"line":176,"column":8},"end":{"line":179,"column":9}},"type":"if","locations":[{"start":{"line":176,"column":8},"end":{"line":179,"column":9}}]},"15":{"loc":{"start":{"line":222,"column":18},"end":{"line":222,"column":75}},"type":"cond-expr","locations":[{"start":{"line":222,"column":52},"end":{"line":222,"column":62}},{"start":{"line":222,"column":65},"end":{"line":222,"column":75}}]},"16":{"loc":{"start":{"line":229,"column":6},"end":{"line":233,"column":7}},"type":"if","locations":[{"start":{"line":229,"column":6},"end":{"line":233,"column":7}},{"start":{"line":231,"column":13},"end":{"line":233,"column":7}}]},"17":{"loc":{"start":{"line":257,"column":8},"end":{"line":257,"column":45}},"type":"if","locations":[{"start":{"line":257,"column":8},"end":{"line":257,"column":45}}]},"18":{"loc":{"start":{"line":275,"column":4},"end":{"line":275,"column":62}},"type":"if","locations":[{"start":{"line":275,"column":4},"end":{"line":275,"column":62}}]},"19":{"loc":{"start":{"line":283,"column":4},"end":{"line":285,"column":5}},"type":"if","locations":[{"start":{"line":283,"column":4},"end":{"line":285,"column":5}}]},"20":{"loc":{"start":{"line":289,"column":6},"end":{"line":291,"column":7}},"type":"if","locations":[{"start":{"line":289,"column":6},"end":{"line":291,"column":7}}]},"21":{"loc":{"start":{"line":289,"column":10},"end":{"line":289,"column":96}},"type":"binary-expr","locations":[{"start":{"line":289,"column":10},"end":{"line":289,"column":42}},{"start":{"line":289,"column":46},"end":{"line":289,"column":76}},{"start":{"line":289,"column":80},"end":{"line":289,"column":96}}]},"22":{"loc":{"start":{"line":295,"column":6},"end":{"line":299,"column":7}},"type":"if","locations":[{"start":{"line":295,"column":6},"end":{"line":299,"column":7}},{"start":{"line":297,"column":13},"end":{"line":299,"column":7}}]},"23":{"loc":{"start":{"line":302,"column":6},"end":{"line":305,"column":7}},"type":"if","locations":[{"start":{"line":302,"column":6},"end":{"line":305,"column":7}}]},"24":{"loc":{"start":{"line":302,"column":10},"end":{"line":302,"column":48}},"type":"binary-expr","locations":[{"start":{"line":302,"column":10},"end":{"line":302,"column":21}},{"start":{"line":302,"column":25},"end":{"line":302,"column":48}}]},"25":{"loc":{"start":{"line":308,"column":6},"end":{"line":317,"column":7}},"type":"if","locations":[{"start":{"line":308,"column":6},"end":{"line":317,"column":7}}]},"26":{"loc":{"start":{"line":312,"column":8},"end":{"line":315,"column":9}},"type":"if","locations":[{"start":{"line":312,"column":8},"end":{"line":315,"column":9}}]},"27":{"loc":{"start":{"line":322,"column":6},"end":{"line":324,"column":7}},"type":"if","locations":[{"start":{"line":322,"column":6},"end":{"line":324,"column":7}}]},"28":{"loc":{"start":{"line":333,"column":8},"end":{"line":336,"column":9}},"type":"if","locations":[{"start":{"line":333,"column":8},"end":{"line":336,"column":9}}]},"29":{"loc":{"start":{"line":337,"column":8},"end":{"line":340,"column":9}},"type":"if","locations":[{"start":{"line":337,"column":8},"end":{"line":340,"column":9}}]}},"s":{"0":1,"1":1,"2":1,"3":1,"4":1,"5":1,"6":1,"7":1,"8":1,"9":1,"10":1,"11":12,"12":0,"13":0,"14":0,"15":0,"16":6,"17":6,"18":0,"19":0,"20":0,"21":0,"22":0,"23":0,"24":0,"25":12,"26":12,"27":12,"28":6,"29":0,"30":0,"31":6,"32":6,"33":6,"34":6,"35":1,"36":1,"37":1,"38":0,"39":0,"40":1,"41":1,"42":0,"43":1,"44":1,"45":0,"46":0,"47":1,"48":1,"49":0,"50":0,"51":1,"52":1,"53":1,"54":0,"55":0,"56":1,"57":1,"58":1,"59":1,"60":1,"61":5,"62":5,"63":5,"64":5,"65":5,"66":0,"67":5,"68":5,"69":5,"70":0,"71":0,"72":0,"73":0,"74":5,"75":5,"76":5,"77":0,"78":0,"79":5,"80":5,"81":5,"82":5,"83":5,"84":0,"85":0,"86":0,"87":12,"88":5,"89":5,"90":5,"91":5,"92":5,"93":40,"94":5,"95":5,"96":0,"97":5,"98":5,"99":5,"100":5,"101":5,"102":5,"103":5,"104":5,"105":160,"106":160,"107":5,"108":0,"109":0,"110":12,"111":3,"112":0,"113":3,"114":12,"115":1,"116":0,"117":1,"118":1,"119":0,"120":1,"121":1,"122":0,"123":1,"124":0,"125":0,"126":1,"127":1,"128":1,"129":1,"130":1,"131":17,"132":0,"133":0,"134":1,"135":1,"136":0,"137":0,"138":0,"139":0,"140":12,"141":6,"142":6,"143":6,"144":6,"145":0,"146":0,"147":6,"148":0,"149":0,"150":6,"151":6,"152":0,"153":0,"154":6,"155":12},"f":{"0":12,"1":0,"2":0,"3":0,"4":0,"5":6,"6":12,"7":6,"8":5,"9":160,"10":3,"11":1,"12":17,"13":6,"14":6},"b":{"0":[0,0],"1":[6,0],"2":[0,0],"3":[0,0],"4":[0],"5":[0],"6":[6,6],"7":[1,5],"8":[0],"9":[0],"10":[0],"11":[0],"12":[0],"13":[0],"14":[0],"15":[5,0],"16":[5,0],"17":[160],"18":[0],"19":[0],"20":[0],"21":[1,1,1],"22":[1,0],"23":[0],"24":[1,1],"25":[1],"26":[0],"27":[0],"28":[0],"29":[0]}}
,"/home/ubuntu/solvio-dapp/frontend/src/lib/utils.ts": {"path":"/home/ubuntu/solvio-dapp/frontend/src/lib/utils.ts","statementMap":{"0":{"start":{"line":4,"column":0},"end":{"line":4,"column":16}},"1":{"start":{"line":1,"column":0},"end":{"line":1,"column":44}},"2":{"start":{"line":2,"column":0},"end":{"line":2,"column":40}},"3":{"start":{"line":5,"column":2},"end":{"line":5,"column":null}}},"fnMap":{"0":{"name":"cn","decl":{"start":{"line":4,"column":16},"end":{"line":4,"column":18}},"loc":{"start":{"line":4,"column":42},"end":{"line":6,"column":1}}}},"branchMap":{},"s":{"0":1,"1":1,"2":1,"3":6},"f":{"0":6},"b":{}}
,"/home/ubuntu/solvio-dapp/frontend/src/test/test-utils.tsx": {"path":"/home/ubuntu/solvio-dapp/frontend/src/test/test-utils.tsx","statementMap":{"0":{"start":{"line":196,"column":25},"end":{"line":196,"column":31}},"1":{"start":{"line":114,"column":0},"end":{"line":159,"column":3}},"2":{"start":{"line":115,"column":17},"end":{"line":115,"column":67}},"3":{"start":{"line":116,"column":2},"end":{"line":158,"column":4}},"4":{"start":{"line":118,"column":22},"end":{"line":130,"column":6}},"5":{"start":{"line":122,"column":24},"end":{"line":122,"column":48}},"6":{"start":{"line":123,"column":21},"end":{"line":123,"column":42}},"7":{"start":{"line":127,"column":76},"end":{"line":127,"column":116}},"8":{"start":{"line":128,"column":85},"end":{"line":128,"column":130}},"9":{"start":{"line":129,"column":44},"end":{"line":129,"column":76}},"10":{"start":{"line":133,"column":53},"end":{"line":155,"column":8}},"11":{"start":{"line":156,"column":6},"end":{"line":156,"column":98}},"12":{"start":{"line":1,"column":0},"end":{"line":1,"column":55}},"13":{"start":{"line":2,"column":0},"end":{"line":2,"column":110}},"14":{"start":{"line":3,"column":0},"end":{"line":3,"column":91}},"15":{"start":{"line":4,"column":0},"end":{"line":4,"column":149}},"16":{"start":{"line":5,"column":0},"end":{"line":5,"column":77}},"17":{"start":{"line":6,"column":0},"end":{"line":6,"column":117}},"18":{"start":{"line":8,"column":0},"end":{"line":8,"column":35}},"19":{"start":{"line":10,"column":0},"end":{"line":10,"column":29}},"20":{"start":{"line":11,"column":0},"end":{"line":11,"column":63}},"21":{"start":{"line":25,"column":8},"end":{"line":25,"column":16}},"22":{"start":{"line":15,"column":4},"end":{"line":15,"column":null}},"23":{"start":{"line":16,"column":4},"end":{"line":16,"column":null}},"24":{"start":{"line":17,"column":4},"end":{"line":17,"column":null}},"25":{"start":{"line":18,"column":4},"end":{"line":18,"column":null}},"26":{"start":{"line":20,"column":13},"end":{"line":20,"column":null}},"27":{"start":{"line":21,"column":13},"end":{"line":21,"column":null}},"28":{"start":{"line":22,"column":13},"end":{"line":22,"column":null}},"29":{"start":{"line":26,"column":8},"end":{"line":26,"column":33}},"30":{"start":{"line":27,"column":8},"end":{"line":27,"column":31}},"31":{"start":{"line":28,"column":8},"end":{"line":28,"column":76}},"32":{"start":{"line":32,"column":8},"end":{"line":32,"column":32}},"33":{"start":{"line":36,"column":8},"end":{"line":36,"column":31}},"34":{"start":{"line":40,"column":8},"end":{"line":40,"column":31}},"35":{"start":{"line":44,"column":8},"end":{"line":44,"column":42}},"36":{"start":{"line":48,"column":8},"end":{"line":48,"column":50}},"37":{"start":{"line":52,"column":8},"end":{"line":63,"column":9}},"38":{"start":{"line":53,"column":12},"end":{"line":53,"column":36}},"39":{"start":{"line":54,"column":12},"end":{"line":54,"column":70}},"40":{"start":{"line":55,"column":12},"end":{"line":55,"column":67}},"41":{"start":{"line":55,"column":41},"end":{"line":55,"column":65}},"42":{"start":{"line":56,"column":12},"end":{"line":56,"column":35}},"43":{"start":{"line":57,"column":12},"end":{"line":57,"column":51}},"44":{"start":{"line":59,"column":12},"end":{"line":59,"column":71}},"45":{"start":{"line":60,"column":12},"end":{"line":60,"column":24}},"46":{"start":{"line":62,"column":12},"end":{"line":62,"column":37}},"47":{"start":{"line":67,"column":8},"end":{"line":67,"column":32}},"48":{"start":{"line":68,"column":8},"end":{"line":68,"column":33}},"49":{"start":{"line":69,"column":8},"end":{"line":69,"column":32}},"50":{"start":{"line":73,"column":8},"end":{"line":73,"column":66}},"51":{"start":{"line":73,"column":30},"end":{"line":73,"column":66}},"52":{"start":{"line":74,"column":8},"end":{"line":74,"column":27}},"53":{"start":{"line":78,"column":8},"end":{"line":78,"column":66}},"54":{"start":{"line":78,"column":30},"end":{"line":78,"column":66}},"55":{"start":{"line":79,"column":8},"end":{"line":79,"column":28}},"56":{"start":{"line":83,"column":8},"end":{"line":83,"column":66}},"57":{"start":{"line":83,"column":30},"end":{"line":83,"column":66}},"58":{"start":{"line":86,"column":30},"end":{"line":86,"column":48}},"59":{"start":{"line":87,"column":8},"end":{"line":89,"column":9}},"60":{"start":{"line":87,"column":21},"end":{"line":87,"column":22}},"61":{"start":{"line":88,"column":12},"end":{"line":88,"column":37}},"62":{"start":{"line":90,"column":8},"end":{"line":90,"column":29}},"63":{"start":{"line":98,"column":8},"end":{"line":98,"column":66}},"64":{"start":{"line":98,"column":30},"end":{"line":98,"column":66}},"65":{"start":{"line":99,"column":8},"end":{"line":99,"column":44}},"66":{"start":{"line":104,"column":20},"end":{"line":104,"column":43}},"67":{"start":{"line":197,"column":9},"end":{"line":197,"column":20}},"68":{"start":{"line":107,"column":0},"end":{"line":107,"column":35}},"69":{"start":{"line":108,"column":0},"end":{"line":108,"column":38}},"70":{"start":{"line":109,"column":0},"end":{"line":109,"column":43}},"71":{"start":{"line":110,"column":0},"end":{"line":110,"column":47}},"72":{"start":{"line":111,"column":0},"end":{"line":111,"column":39}},"73":{"start":{"line":164,"column":21},"end":{"line":164,"column":44}},"74":{"start":{"line":167,"column":65},"end":{"line":177,"column":1}},"75":{"start":{"line":168,"column":2},"end":{"line":176,"column":4}},"76":{"start":{"line":198,"column":28},"end":{"line":198,"column":41}},"77":{"start":{"line":187,"column":19},"end":{"line":187,"column":74}},"78":{"start":{"line":188,"column":2},"end":{"line":191,"column":4}},"79":{"start":{"line":190,"column":33},"end":{"line":190,"column":88}},"80":{"start":{"line":195,"column":0},"end":{"line":195,"column":39}}},"fnMap":{"0":{"name":"(anonymous_5)","decl":{"start":{"line":114,"column":42},"end":{"line":114,"column":45}},"loc":{"start":{"line":114,"column":47},"end":{"line":159,"column":1}}},"1":{"name":"(anonymous_6)","decl":{"start":{"line":118,"column":15},"end":{"line":118,"column":18}},"loc":{"start":{"line":118,"column":22},"end":{"line":130,"column":6}}},"2":{"name":"(anonymous_7)","decl":{"start":{"line":122,"column":18},"end":{"line":122,"column":21}},"loc":{"start":{"line":122,"column":24},"end":{"line":122,"column":48}}},"3":{"name":"(anonymous_8)","decl":{"start":{"line":123,"column":15},"end":{"line":123,"column":18}},"loc":{"start":{"line":123,"column":21},"end":{"line":123,"column":42}}},"4":{"name":"(anonymous_9)","decl":{"start":{"line":124,"column":14},"end":{"line":124,"column":17}},"loc":{"start":{"line":124,"column":19},"end":{"line":124,"column":22}}},"5":{"name":"(anonymous_10)","decl":{"start":{"line":127,"column":23},"end":{"line":127,"column":24}},"loc":{"start":{"line":127,"column":76},"end":{"line":127,"column":116}}},"6":{"name":"(anonymous_11)","decl":{"start":{"line":128,"column":27},"end":{"line":128,"column":28}},"loc":{"start":{"line":128,"column":85},"end":{"line":128,"column":130}}},"7":{"name":"(anonymous_12)","decl":{"start":{"line":129,"column":19},"end":{"line":129,"column":20}},"loc":{"start":{"line":129,"column":44},"end":{"line":129,"column":76}}},"8":{"name":"(anonymous_13)","decl":{"start":{"line":132,"column":20},"end":{"line":132,"column":21}},"loc":{"start":{"line":132,"column":62},"end":{"line":157,"column":5}}},"9":{"name":"(anonymous_14)","decl":{"start":{"line":138,"column":16},"end":{"line":138,"column":17}},"loc":{"start":{"line":138,"column":51},"end":{"line":138,"column":54}}},"10":{"name":"(anonymous_15)","decl":{"start":{"line":139,"column":17},"end":{"line":139,"column":22}},"loc":{"start":{"line":139,"column":28},"end":{"line":139,"column":31}}},"11":{"name":"(anonymous_16)","decl":{"start":{"line":140,"column":20},"end":{"line":140,"column":25}},"loc":{"start":{"line":140,"column":31},"end":{"line":140,"column":34}}},"12":{"name":"(anonymous_17)","decl":{"start":{"line":24,"column":4},"end":{"line":24,"column":null}},"loc":{"start":{"line":24,"column":4},"end":{"line":29,"column":5}}},"13":{"name":"(anonymous_18)","decl":{"start":{"line":31,"column":4},"end":{"line":31,"column":8}},"loc":{"start":{"line":31,"column":18},"end":{"line":33,"column":5}}},"14":{"name":"(anonymous_19)","decl":{"start":{"line":35,"column":4},"end":{"line":35,"column":8}},"loc":{"start":{"line":35,"column":17},"end":{"line":37,"column":5}}},"15":{"name":"(anonymous_20)","decl":{"start":{"line":39,"column":4},"end":{"line":39,"column":8}},"loc":{"start":{"line":39,"column":17},"end":{"line":41,"column":5}}},"16":{"name":"(anonymous_21)","decl":{"start":{"line":43,"column":4},"end":{"line":43,"column":8}},"loc":{"start":{"line":43,"column":18},"end":{"line":45,"column":5}}},"17":{"name":"(anonymous_22)","decl":{"start":{"line":47,"column":4},"end":{"line":47,"column":8}},"loc":{"start":{"line":47,"column":36},"end":{"line":49,"column":5}}},"18":{"name":"(anonymous_23)","decl":{"start":{"line":51,"column":4},"end":{"line":51,"column":9}},"loc":{"start":{"line":51,"column":17},"end":{"line":64,"column":5}}},"19":{"name":"(anonymous_24)","decl":{"start":{"line":55,"column":30},"end":{"line":55,"column":37}},"loc":{"start":{"line":55,"column":41},"end":{"line":55,"column":65}}},"20":{"name":"(anonymous_25)","decl":{"start":{"line":66,"column":4},"end":{"line":66,"column":9}},"loc":{"start":{"line":66,"column":20},"end":{"line":70,"column":5}}},"21":{"name":"(anonymous_26)","decl":{"start":{"line":72,"column":4},"end":{"line":72,"column":9}},"loc":{"start":{"line":72,"column":86},"end":{"line":75,"column":5}}},"22":{"name":"(anonymous_27)","decl":{"start":{"line":77,"column":4},"end":{"line":77,"column":9}},"loc":{"start":{"line":77,"column":93},"end":{"line":80,"column":5}}},"23":{"name":"(anonymous_28)","decl":{"start":{"line":82,"column":4},"end":{"line":82,"column":9}},"loc":{"start":{"line":82,"column":42},"end":{"line":91,"column":5}}},"24":{"name":"(anonymous_29)","decl":{"start":{"line":93,"column":4},"end":{"line":93,"column":9}},"loc":{"start":{"line":96,"column":22},"end":{"line":100,"column":5}}},"25":{"name":"(anonymous_30)","decl":{"start":{"line":167,"column":65},"end":{"line":167,"column":66}},"loc":{"start":{"line":167,"column":82},"end":{"line":177,"column":1}}},"26":{"name":"customRender","decl":{"start":{"line":183,"column":9},"end":{"line":183,"column":21}},"loc":{"start":{"line":185,"column":31},"end":{"line":192,"column":1}}},"27":{"name":"(anonymous_32)","decl":{"start":{"line":190,"column":14},"end":{"line":190,"column":15}},"loc":{"start":{"line":190,"column":33},"end":{"line":190,"column":88}}}},"branchMap":{"0":{"loc":{"start":{"line":73,"column":8},"end":{"line":73,"column":66}},"type":"if","locations":[{"start":{"line":73,"column":8},"end":{"line":73,"column":66}}]},"1":{"loc":{"start":{"line":78,"column":8},"end":{"line":78,"column":66}},"type":"if","locations":[{"start":{"line":78,"column":8},"end":{"line":78,"column":66}}]},"2":{"loc":{"start":{"line":83,"column":8},"end":{"line":83,"column":66}},"type":"if","locations":[{"start":{"line":83,"column":8},"end":{"line":83,"column":66}}]},"3":{"loc":{"start":{"line":98,"column":8},"end":{"line":98,"column":66}},"type":"if","locations":[{"start":{"line":98,"column":8},"end":{"line":98,"column":66}}]}},"s":{"0":2,"1":2,"2":2,"3":2,"4":8,"5":0,"6":0,"7":0,"8":0,"9":0,"10":9,"11":9,"12":2,"13":2,"14":2,"15":2,"16":2,"17":2,"18":2,"19":2,"20":2,"21":2,"22":2,"23":2,"24":2,"25":2,"26":2,"27":2,"28":2,"29":2,"30":2,"31":2,"32":8,"33":8,"34":17,"35":0,"36":0,"37":0,"38":0,"39":0,"40":0,"41":0,"42":0,"43":0,"44":0,"45":0,"46":0,"47":0,"48":0,"49":0,"50":0,"51":0,"52":0,"53":0,"54":0,"55":0,"56":6,"57":0,"58":6,"59":6,"60":6,"61":384,"62":6,"63":0,"64":0,"65":0,"66":2,"67":2,"68":2,"69":2,"70":2,"71":2,"72":2,"73":2,"74":2,"75":9,"76":2,"77":3,"78":3,"79":0,"80":2},"f":{"0":2,"1":8,"2":0,"3":0,"4":0,"5":0,"6":0,"7":0,"8":9,"9":0,"10":0,"11":0,"12":2,"13":8,"14":8,"15":17,"16":0,"17":0,"18":0,"19":0,"20":0,"21":0,"22":0,"23":6,"24":0,"25":9,"26":3,"27":0},"b":{"0":[0],"1":[0],"2":[0],"3":[0]}}
,"/home/ubuntu/solvio-dapp/frontend/src/test/setup/crypto.mock.ts": {"path":"/home/ubuntu/solvio-dapp/frontend/src/test/setup/crypto.mock.ts","statementMap":{"0":{"start":{"line":10,"column":19},"end":{"line":309,"column":2}},"1":{"start":{"line":13,"column":17},"end":{"line":13,"column":69}},"2":{"start":{"line":14,"column":4},"end":{"line":16,"column":5}},"3":{"start":{"line":14,"column":17},"end":{"line":14,"column":18}},"4":{"start":{"line":15,"column":6},"end":{"line":15,"column":44}},"5":{"start":{"line":17,"column":4},"end":{"line":17,"column":17}},"6":{"start":{"line":22,"column":22},"end":{"line":22,"column":68}},"7":{"start":{"line":25,"column":29},"end":{"line":25,"column":102}},"8":{"start":{"line":26,"column":24},"end":{"line":26,"column":81}},"9":{"start":{"line":27,"column":23},"end":{"line":27,"column":54}},"10":{"start":{"line":29,"column":6},"end":{"line":116,"column":7}},"11":{"start":{"line":30,"column":8},"end":{"line":95,"column":9}},"12":{"start":{"line":32,"column":27},"end":{"line":32,"column":113}},"13":{"start":{"line":35,"column":33},"end":{"line":35,"column":51}},"14":{"start":{"line":36,"column":29},"end":{"line":36,"column":80}},"15":{"start":{"line":37,"column":28},"end":{"line":37,"column":54}},"16":{"start":{"line":38,"column":10},"end":{"line":38,"column":40}},"17":{"start":{"line":41,"column":24},"end":{"line":41,"column":29}},"18":{"start":{"line":42,"column":10},"end":{"line":47,"column":11}},"19":{"start":{"line":42,"column":23},"end":{"line":42,"column":24}},"20":{"start":{"line":43,"column":12},"end":{"line":46,"column":13}},"21":{"start":{"line":44,"column":14},"end":{"line":44,"column":29}},"22":{"start":{"line":45,"column":14},"end":{"line":45,"column":20}},"23":{"start":{"line":48,"column":10},"end":{"line":50,"column":11}},"24":{"start":{"line":49,"column":12},"end":{"line":49,"column":34}},"25":{"start":{"line":53,"column":25},"end":{"line":53,"column":43}},"26":{"start":{"line":54,"column":25},"end":{"line":54,"column":43}},"27":{"start":{"line":57,"column":30},"end":{"line":57,"column":87}},"28":{"start":{"line":58,"column":29},"end":{"line":58,"column":56}},"29":{"start":{"line":59,"column":10},"end":{"line":59,"column":33}},"30":{"start":{"line":62,"column":25},"end":{"line":62,"column":66}},"31":{"start":{"line":63,"column":10},"end":{"line":63,"column":37}},"32":{"start":{"line":64,"column":10},"end":{"line":64,"column":40}},"33":{"start":{"line":65,"column":30},"end":{"line":65,"column":79}},"34":{"start":{"line":66,"column":29},"end":{"line":66,"column":56}},"35":{"start":{"line":67,"column":10},"end":{"line":67,"column":33}},"36":{"start":{"line":70,"column":32},"end":{"line":70,"column":50}},"37":{"start":{"line":71,"column":10},"end":{"line":71,"column":34}},"38":{"start":{"line":72,"column":10},"end":{"line":72,"column":39}},"39":{"start":{"line":73,"column":10},"end":{"line":73,"column":40}},"40":{"start":{"line":75,"column":26},"end":{"line":90,"column":12}},"41":{"start":{"line":91,"column":10},"end":{"line":91,"column":25}},"42":{"start":{"line":93,"column":10},"end":{"line":93,"column":66}},"43":{"start":{"line":94,"column":10},"end":{"line":94,"column":68}},"44":{"start":{"line":97,"column":8},"end":{"line":115,"column":9}},"45":{"start":{"line":99,"column":27},"end":{"line":99,"column":89}},"46":{"start":{"line":100,"column":26},"end":{"line":100,"column":44}},"47":{"start":{"line":101,"column":10},"end":{"line":103,"column":11}},"48":{"start":{"line":101,"column":23},"end":{"line":101,"column":24}},"49":{"start":{"line":102,"column":12},"end":{"line":102,"column":97}},"50":{"start":{"line":105,"column":10},"end":{"line":111,"column":12}},"51":{"start":{"line":113,"column":10},"end":{"line":113,"column":64}},"52":{"start":{"line":114,"column":10},"end":{"line":114,"column":66}},"53":{"start":{"line":121,"column":6},"end":{"line":131,"column":7}},"54":{"start":{"line":122,"column":8},"end":{"line":122,"column":35}},"55":{"start":{"line":123,"column":13},"end":{"line":131,"column":7}},"56":{"start":{"line":124,"column":8},"end":{"line":124,"column":79}},"57":{"start":{"line":125,"column":13},"end":{"line":131,"column":7}},"58":{"start":{"line":126,"column":8},"end":{"line":126,"column":51}},"59":{"start":{"line":127,"column":13},"end":{"line":131,"column":7}},"60":{"start":{"line":128,"column":8},"end":{"line":128,"column":92}},"61":{"start":{"line":130,"column":8},"end":{"line":130,"column":51}},"62":{"start":{"line":134,"column":6},"end":{"line":180,"column":7}},"63":{"start":{"line":136,"column":8},"end":{"line":179,"column":9}},"64":{"start":{"line":138,"column":27},"end":{"line":138,"column":59}},"65":{"start":{"line":141,"column":10},"end":{"line":149,"column":11}},"66":{"start":{"line":142,"column":32},"end":{"line":142,"column":50}},"67":{"start":{"line":143,"column":12},"end":{"line":143,"column":34}},"68":{"start":{"line":144,"column":12},"end":{"line":144,"column":54}},"69":{"start":{"line":145,"column":12},"end":{"line":147,"column":13}},"70":{"start":{"line":146,"column":14},"end":{"line":146,"column":54}},"71":{"start":{"line":148,"column":12},"end":{"line":148,"column":43}},"72":{"start":{"line":152,"column":10},"end":{"line":154,"column":11}},"73":{"start":{"line":153,"column":12},"end":{"line":153,"column":39}},"74":{"start":{"line":157,"column":13},"end":{"line":179,"column":9}},"75":{"start":{"line":158,"column":25},"end":{"line":158,"column":41}},"76":{"start":{"line":161,"column":10},"end":{"line":163,"column":11}},"77":{"start":{"line":162,"column":12},"end":{"line":162,"column":60}},"78":{"start":{"line":166,"column":10},"end":{"line":170,"column":11}},"79":{"start":{"line":167,"column":34},"end":{"line":167,"column":52}},"80":{"start":{"line":168,"column":12},"end":{"line":168,"column":53}},"81":{"start":{"line":169,"column":12},"end":{"line":169,"column":37}},"82":{"start":{"line":173,"column":29},"end":{"line":173,"column":63}},"83":{"start":{"line":173,"column":52},"end":{"line":173,"column":62}},"84":{"start":{"line":174,"column":10},"end":{"line":176,"column":11}},"85":{"start":{"line":175,"column":12},"end":{"line":175,"column":28}},"86":{"start":{"line":178,"column":10},"end":{"line":178,"column":38}},"87":{"start":{"line":183,"column":37},"end":{"line":193,"column":8}},"88":{"start":{"line":194,"column":6},"end":{"line":194,"column":21}},"89":{"start":{"line":198,"column":6},"end":{"line":205,"column":7}},"90":{"start":{"line":199,"column":8},"end":{"line":199,"column":23}},"91":{"start":{"line":200,"column":13},"end":{"line":205,"column":7}},"92":{"start":{"line":202,"column":24},"end":{"line":202,"column":59}},"93":{"start":{"line":203,"column":8},"end":{"line":203,"column":33}},"94":{"start":{"line":204,"column":8},"end":{"line":204,"column":23}},"95":{"start":{"line":206,"column":6},"end":{"line":206,"column":32}},"96":{"start":{"line":210,"column":26},"end":{"line":213,"column":null}},"97":{"start":{"line":215,"column":6},"end":{"line":221,"column":8}},"98":{"start":{"line":225,"column":19},"end":{"line":227,"column":null}},"99":{"start":{"line":229,"column":21},"end":{"line":229,"column":47}},"100":{"start":{"line":230,"column":6},"end":{"line":232,"column":7}},"101":{"start":{"line":230,"column":19},"end":{"line":230,"column":20}},"102":{"start":{"line":231,"column":8},"end":{"line":231,"column":42}},"103":{"start":{"line":233,"column":6},"end":{"line":233,"column":20}},"104":{"start":{"line":237,"column":21},"end":{"line":239,"column":null}},"105":{"start":{"line":241,"column":17},"end":{"line":241,"column":35}},"106":{"start":{"line":242,"column":6},"end":{"line":244,"column":7}},"107":{"start":{"line":242,"column":19},"end":{"line":242,"column":20}},"108":{"start":{"line":243,"column":8},"end":{"line":243,"column":42}},"109":{"start":{"line":246,"column":24},"end":{"line":246,"column":44}},"110":{"start":{"line":247,"column":28},"end":{"line":247,"column":60}},"111":{"start":{"line":250,"column":6},"end":{"line":254,"column":7}},"112":{"start":{"line":250,"column":19},"end":{"line":250,"column":20}},"113":{"start":{"line":251,"column":8},"end":{"line":253,"column":28}},"114":{"start":{"line":256,"column":21},"end":{"line":256,"column":69}},"115":{"start":{"line":257,"column":6},"end":{"line":257,"column":21}},"116":{"start":{"line":258,"column":6},"end":{"line":258,"column":43}},"117":{"start":{"line":259,"column":6},"end":{"line":259,"column":20}},"118":{"start":{"line":263,"column":24},"end":{"line":263,"column":44}},"119":{"start":{"line":264,"column":6},"end":{"line":266,"column":7}},"120":{"start":{"line":265,"column":8},"end":{"line":265,"column":57}},"121":{"start":{"line":269,"column":6},"end":{"line":271,"column":7}},"122":{"start":{"line":270,"column":8},"end":{"line":270,"column":46}},"123":{"start":{"line":274,"column":20},"end":{"line":274,"column":27}},"124":{"start":{"line":275,"column":6},"end":{"line":282,"column":7}},"125":{"start":{"line":276,"column":28},"end":{"line":276,"column":46}},"126":{"start":{"line":277,"column":8},"end":{"line":277,"column":72}},"127":{"start":{"line":278,"column":8},"end":{"line":280,"column":9}},"128":{"start":{"line":278,"column":38},"end":{"line":278,"column":48}},"129":{"start":{"line":279,"column":10},"end":{"line":279,"column":29}},"130":{"start":{"line":281,"column":8},"end":{"line":281,"column":30}},"131":{"start":{"line":284,"column":17},"end":{"line":284,"column":39}},"132":{"start":{"line":285,"column":31},"end":{"line":285,"column":50}},"133":{"start":{"line":286,"column":28},"end":{"line":286,"column":67}},"134":{"start":{"line":289,"column":6},"end":{"line":293,"column":7}},"135":{"start":{"line":289,"column":19},"end":{"line":289,"column":20}},"136":{"start":{"line":290,"column":8},"end":{"line":292,"column":28}},"137":{"start":{"line":295,"column":6},"end":{"line":295,"column":27}},"138":{"start":{"line":299,"column":20},"end":{"line":299,"column":40}},"139":{"start":{"line":300,"column":29},"end":{"line":300,"column":64}},"140":{"start":{"line":301,"column":19},"end":{"line":301,"column":37}},"141":{"start":{"line":303,"column":6},"end":{"line":305,"column":7}},"142":{"start":{"line":303,"column":19},"end":{"line":303,"column":20}},"143":{"start":{"line":304,"column":8},"end":{"line":304,"column":86}},"144":{"start":{"line":306,"column":6},"end":{"line":306,"column":18}},"145":{"start":{"line":311,"column":0},"end":{"line":311,"column":26}}},"fnMap":{"0":{"name":"(anonymous_0)","decl":{"start":{"line":11,"column":19},"end":{"line":11,"column":20}},"loc":{"start":{"line":11,"column":41},"end":{"line":18,"column":3}}},"1":{"name":"(anonymous_1)","decl":{"start":{"line":20,"column":17},"end":{"line":20,"column":22}},"loc":{"start":{"line":20,"column":85},"end":{"line":117,"column":5}}},"2":{"name":"(anonymous_2)","decl":{"start":{"line":118,"column":15},"end":{"line":118,"column":20}},"loc":{"start":{"line":118,"column":198},"end":{"line":195,"column":5}}},"3":{"name":"(anonymous_3)","decl":{"start":{"line":173,"column":44},"end":{"line":173,"column":48}},"loc":{"start":{"line":173,"column":52},"end":{"line":173,"column":62}}},"4":{"name":"(anonymous_4)","decl":{"start":{"line":196,"column":15},"end":{"line":196,"column":20}},"loc":{"start":{"line":196,"column":60},"end":{"line":207,"column":5}}},"5":{"name":"(anonymous_5)","decl":{"start":{"line":208,"column":15},"end":{"line":208,"column":20}},"loc":{"start":{"line":208,"column":133},"end":{"line":222,"column":5}}},"6":{"name":"(anonymous_6)","decl":{"start":{"line":223,"column":16},"end":{"line":223,"column":21}},"loc":{"start":{"line":223,"column":81},"end":{"line":234,"column":5}}},"7":{"name":"(anonymous_7)","decl":{"start":{"line":235,"column":13},"end":{"line":235,"column":18}},"loc":{"start":{"line":235,"column":77},"end":{"line":260,"column":5}}},"8":{"name":"(anonymous_8)","decl":{"start":{"line":261,"column":13},"end":{"line":261,"column":18}},"loc":{"start":{"line":261,"column":77},"end":{"line":296,"column":5}}},"9":{"name":"(anonymous_9)","decl":{"start":{"line":278,"column":30},"end":{"line":278,"column":34}},"loc":{"start":{"line":278,"column":38},"end":{"line":278,"column":48}}},"10":{"name":"(anonymous_10)","decl":{"start":{"line":297,"column":12},"end":{"line":297,"column":17}},"loc":{"start":{"line":297,"column":59},"end":{"line":307,"column":5}}}},"branchMap":{"0":{"loc":{"start":{"line":13,"column":17},"end":{"line":13,"column":69}},"type":"cond-expr","locations":[{"start":{"line":13,"column":51},"end":{"line":13,"column":56}},{"start":{"line":13,"column":59},"end":{"line":13,"column":69}}]},"1":{"loc":{"start":{"line":22,"column":22},"end":{"line":22,"column":68}},"type":"cond-expr","locations":[{"start":{"line":22,"column":50},"end":{"line":22,"column":56}},{"start":{"line":22,"column":59},"end":{"line":22,"column":68}}]},"2":{"loc":{"start":{"line":25,"column":63},"end":{"line":25,"column":97}},"type":"binary-expr","locations":[{"start":{"line":25,"column":63},"end":{"line":25,"column":92}},{"start":{"line":25,"column":96},"end":{"line":25,"column":97}}]},"3":{"loc":{"start":{"line":26,"column":24},"end":{"line":26,"column":81}},"type":"cond-expr","locations":[{"start":{"line":26,"column":58},"end":{"line":26,"column":68}},{"start":{"line":26,"column":71},"end":{"line":26,"column":81}}]},"4":{"loc":{"start":{"line":29,"column":6},"end":{"line":116,"column":7}},"type":"if","locations":[{"start":{"line":29,"column":6},"end":{"line":116,"column":7}},{"start":{"line":96,"column":13},"end":{"line":116,"column":7}}]},"5":{"loc":{"start":{"line":43,"column":12},"end":{"line":46,"column":13}},"type":"if","locations":[{"start":{"line":43,"column":12},"end":{"line":46,"column":13}}]},"6":{"loc":{"start":{"line":48,"column":10},"end":{"line":50,"column":11}},"type":"if","locations":[{"start":{"line":48,"column":10},"end":{"line":50,"column":11}}]},"7":{"loc":{"start":{"line":79,"column":42},"end":{"line":79,"column":73}},"type":"binary-expr","locations":[{"start":{"line":79,"column":42},"end":{"line":79,"column":62}},{"start":{"line":79,"column":66},"end":{"line":79,"column":73}}]},"8":{"loc":{"start":{"line":86,"column":42},"end":{"line":86,"column":73}},"type":"binary-expr","locations":[{"start":{"line":86,"column":42},"end":{"line":86,"column":62}},{"start":{"line":86,"column":66},"end":{"line":86,"column":73}}]},"9":{"loc":{"start":{"line":121,"column":6},"end":{"line":131,"column":7}},"type":"if","locations":[{"start":{"line":121,"column":6},"end":{"line":131,"column":7}},{"start":{"line":123,"column":13},"end":{"line":131,"column":7}}]},"10":{"loc":{"start":{"line":123,"column":13},"end":{"line":131,"column":7}},"type":"if","locations":[{"start":{"line":123,"column":13},"end":{"line":131,"column":7}},{"start":{"line":125,"column":13},"end":{"line":131,"column":7}}]},"11":{"loc":{"start":{"line":125,"column":13},"end":{"line":131,"column":7}},"type":"if","locations":[{"start":{"line":125,"column":13},"end":{"line":131,"column":7}},{"start":{"line":127,"column":13},"end":{"line":131,"column":7}}]},"12":{"loc":{"start":{"line":127,"column":13},"end":{"line":131,"column":7}},"type":"if","locations":[{"start":{"line":127,"column":13},"end":{"line":131,"column":7}},{"start":{"line":129,"column":13},"end":{"line":131,"column":7}}]},"13":{"loc":{"start":{"line":134,"column":6},"end":{"line":180,"column":7}},"type":"if","locations":[{"start":{"line":134,"column":6},"end":{"line":180,"column":7}}]},"14":{"loc":{"start":{"line":136,"column":8},"end":{"line":179,"column":9}},"type":"if","locations":[{"start":{"line":136,"column":8},"end":{"line":179,"column":9}},{"start":{"line":157,"column":13},"end":{"line":179,"column":9}}]},"15":{"loc":{"start":{"line":136,"column":12},"end":{"line":136,"column":63}},"type":"binary-expr","locations":[{"start":{"line":136,"column":12},"end":{"line":136,"column":28}},{"start":{"line":136,"column":32},"end":{"line":136,"column":63}}]},"16":{"loc":{"start":{"line":141,"column":10},"end":{"line":149,"column":11}},"type":"if","locations":[{"start":{"line":141,"column":10},"end":{"line":149,"column":11}}]},"17":{"loc":{"start":{"line":145,"column":12},"end":{"line":147,"column":13}},"type":"if","locations":[{"start":{"line":145,"column":12},"end":{"line":147,"column":13}}]},"18":{"loc":{"start":{"line":152,"column":10},"end":{"line":154,"column":11}},"type":"if","locations":[{"start":{"line":152,"column":10},"end":{"line":154,"column":11}}]},"19":{"loc":{"start":{"line":157,"column":13},"end":{"line":179,"column":9}},"type":"if","locations":[{"start":{"line":157,"column":13},"end":{"line":179,"column":9}}]},"20":{"loc":{"start":{"line":157,"column":17},"end":{"line":157,"column":55}},"type":"binary-expr","locations":[{"start":{"line":157,"column":17},"end":{"line":157,"column":33}},{"start":{"line":157,"column":37},"end":{"line":157,"column":55}}]},"21":{"loc":{"start":{"line":161,"column":10},"end":{"line":163,"column":11}},"type":"if","locations":[{"start":{"line":161,"column":10},"end":{"line":163,"column":11}}]},"22":{"loc":{"start":{"line":161,"column":14},"end":{"line":161,"column":56}},"type":"binary-expr","locations":[{"start":{"line":161,"column":14},"end":{"line":161,"column":32}},{"start":{"line":161,"column":36},"end":{"line":161,"column":56}}]},"23":{"loc":{"start":{"line":166,"column":10},"end":{"line":170,"column":11}},"type":"if","locations":[{"start":{"line":166,"column":10},"end":{"line":170,"column":11}}]},"24":{"loc":{"start":{"line":174,"column":10},"end":{"line":176,"column":11}},"type":"if","locations":[{"start":{"line":174,"column":10},"end":{"line":176,"column":11}}]},"25":{"loc":{"start":{"line":184,"column":14},"end":{"line":184,"column":53}},"type":"cond-expr","locations":[{"start":{"line":184,"column":33},"end":{"line":184,"column":41}},{"start":{"line":184,"column":44},"end":{"line":184,"column":53}}]},"26":{"loc":{"start":{"line":187,"column":16},"end":{"line":187,"column":40}},"type":"binary-expr","locations":[{"start":{"line":187,"column":16},"end":{"line":187,"column":30}},{"start":{"line":187,"column":34},"end":{"line":187,"column":40}}]},"27":{"loc":{"start":{"line":188,"column":22},"end":{"line":188,"column":53}},"type":"binary-expr","locations":[{"start":{"line":188,"column":22},"end":{"line":188,"column":42}},{"start":{"line":188,"column":46},"end":{"line":188,"column":53}}]},"28":{"loc":{"start":{"line":198,"column":6},"end":{"line":205,"column":7}},"type":"if","locations":[{"start":{"line":198,"column":6},"end":{"line":205,"column":7}},{"start":{"line":200,"column":13},"end":{"line":205,"column":7}}]},"29":{"loc":{"start":{"line":198,"column":10},"end":{"line":198,"column":37}},"type":"binary-expr","locations":[{"start":{"line":198,"column":10},"end":{"line":198,"column":26}},{"start":{"line":198,"column":30},"end":{"line":198,"column":37}}]},"30":{"loc":{"start":{"line":200,"column":13},"end":{"line":205,"column":7}},"type":"if","locations":[{"start":{"line":200,"column":13},"end":{"line":205,"column":7}}]},"31":{"loc":{"start":{"line":200,"column":17},"end":{"line":200,"column":46}},"type":"binary-expr","locations":[{"start":{"line":200,"column":17},"end":{"line":200,"column":35}},{"start":{"line":200,"column":39},"end":{"line":200,"column":46}}]},"32":{"loc":{"start":{"line":227,"column":9},"end":{"line":227,"column":61}},"type":"cond-expr","locations":[{"start":{"line":227,"column":23},"end":{"line":227,"column":56}},{"start":{"line":227,"column":59},"end":{"line":227,"column":61}}]},"33":{"loc":{"start":{"line":239,"column":9},"end":{"line":239,"column":53}},"type":"cond-expr","locations":[{"start":{"line":239,"column":19},"end":{"line":239,"column":48}},{"start":{"line":239,"column":51},"end":{"line":239,"column":53}}]},"34":{"loc":{"start":{"line":252,"column":11},"end":{"line":252,"column":52}},"type":"cond-expr","locations":[{"start":{"line":252,"column":21},"end":{"line":252,"column":48}},{"start":{"line":252,"column":51},"end":{"line":252,"column":52}}]},"35":{"loc":{"start":{"line":264,"column":6},"end":{"line":266,"column":7}},"type":"if","locations":[{"start":{"line":264,"column":6},"end":{"line":266,"column":7}}]},"36":{"loc":{"start":{"line":264,"column":10},"end":{"line":264,"column":54}},"type":"binary-expr","locations":[{"start":{"line":264,"column":10},"end":{"line":264,"column":20}},{"start":{"line":264,"column":24},"end":{"line":264,"column":28}},{"start":{"line":264,"column":32},"end":{"line":264,"column":54}}]},"37":{"loc":{"start":{"line":269,"column":6},"end":{"line":271,"column":7}},"type":"if","locations":[{"start":{"line":269,"column":6},"end":{"line":271,"column":7}}]},"38":{"loc":{"start":{"line":269,"column":10},"end":{"line":269,"column":54}},"type":"binary-expr","locations":[{"start":{"line":269,"column":10},"end":{"line":269,"column":18}},{"start":{"line":269,"column":22},"end":{"line":269,"column":54}}]},"39":{"loc":{"start":{"line":275,"column":6},"end":{"line":282,"column":7}},"type":"if","locations":[{"start":{"line":275,"column":6},"end":{"line":282,"column":7}}]},"40":{"loc":{"start":{"line":278,"column":8},"end":{"line":280,"column":9}},"type":"if","locations":[{"start":{"line":278,"column":8},"end":{"line":280,"column":9}}]}},"s":{"0":4,"1":0,"2":0,"3":0,"4":0,"5":0,"6":15,"7":15,"8":15,"9":15,"10":15,"11":15,"12":15,"13":15,"14":15,"15":15,"16":15,"17":15,"18":15,"19":15,"20":15,"21":15,"22":15,"23":15,"24":0,"25":15,"26":15,"27":15,"28":15,"29":15,"30":15,"31":15,"32":15,"33":15,"34":15,"35":15,"36":15,"37":15,"38":15,"39":15,"40":15,"41":15,"42":0,"43":0,"44":0,"45":0,"46":0,"47":0,"48":0,"49":0,"50":0,"51":0,"52":0,"53":64,"54":62,"55":2,"56":2,"57":0,"58":0,"59":0,"60":0,"61":0,"62":64,"63":46,"64":36,"65":36,"66":21,"67":21,"68":21,"69":21,"70":0,"71":21,"72":36,"73":0,"74":10,"75":10,"76":10,"77":0,"78":10,"79":2,"80":2,"81":2,"82":10,"83":165,"84":10,"85":5,"86":10,"87":64,"88":64,"89":23,"90":18,"91":5,"92":5,"93":5,"94":5,"95":0,"96":12,"97":12,"98":20,"99":20,"100":20,"101":20,"102":640,"103":20,"104":13,"105":13,"106":13,"107":13,"108":156,"109":13,"110":13,"111":13,"112":13,"113":556,"114":13,"115":13,"116":13,"117":13,"118":3,"119":3,"120":0,"121":3,"122":0,"123":3,"124":3,"125":1,"126":1,"127":1,"128":1,"129":0,"130":1,"131":3,"132":3,"133":3,"134":3,"135":3,"136":145,"137":3,"138":56,"139":56,"140":56,"141":56,"142":56,"143":1792,"144":56,"145":4},"f":{"0":0,"1":15,"2":64,"3":165,"4":23,"5":12,"6":20,"7":13,"8":3,"9":1,"10":56},"b":{"0":[0,0],"1":[15,0],"2":[15,2],"3":[15,0],"4":[15,0],"5":[15],"6":[0],"7":[15,0],"8":[15,0],"9":[62,2],"10":[2,0],"11":[0,0],"12":[0,0],"13":[46],"14":[36,10],"15":[46,46],"16":[21],"17":[0],"18":[0],"19":[10],"20":[10,0],"21":[0],"22":[10,0],"23":[2],"24":[5],"25":[64,0],"26":[64,0],"27":[64,18],"28":[18,5],"29":[23,18],"30":[5],"31":[5,5],"32":[20,0],"33":[13,0],"34":[556,0],"35":[0],"36":[3,3,3],"37":[0],"38":[3,3],"39":[1],"40":[0]}}
,"/home/ubuntu/solvio-dapp/frontend/src/utils/crypto.ts": {"path":"/home/ubuntu/solvio-dapp/frontend/src/utils/crypto.ts","statementMap":{"0":{"start":{"line":81,"column":0},"end":{"line":81,"column":7}},"1":{"start":{"line":137,"column":0},"end":{"line":137,"column":7}},"2":{"start":{"line":1,"column":0},"end":{"line":1,"column":32}},"3":{"start":{"line":13,"column":2},"end":{"line":57,"column":3}},"4":{"start":{"line":15,"column":20},"end":{"line":21,"column":null}},"5":{"start":{"line":25,"column":25},"end":{"line":25,"column":80}},"6":{"start":{"line":26,"column":27},"end":{"line":26,"column":55}},"7":{"start":{"line":29,"column":4},"end":{"line":33,"column":5}},"8":{"start":{"line":30,"column":6},"end":{"line":31,"column":89}},"9":{"start":{"line":32,"column":6},"end":{"line":32,"column":61}},"10":{"start":{"line":36,"column":4},"end":{"line":48,"column":5}},"11":{"start":{"line":37,"column":6},"end":{"line":44,"column":8}},"12":{"start":{"line":46,"column":6},"end":{"line":46,"column":53}},"13":{"start":{"line":47,"column":6},"end":{"line":47,"column":58}},"14":{"start":{"line":50,"column":4},"end":{"line":50,"column":19}},"15":{"start":{"line":52,"column":4},"end":{"line":52,"column":67}},"16":{"start":{"line":53,"column":4},"end":{"line":55,"column":5}},"17":{"start":{"line":54,"column":6},"end":{"line":54,"column":18}},"18":{"start":{"line":56,"column":4},"end":{"line":56,"column":65}},"19":{"start":{"line":65,"column":21},"end":{"line":76,"column":null}},"20":{"start":{"line":78,"column":2},"end":{"line":78,"column":20}},"21":{"start":{"line":86,"column":27},"end":{"line":86,"column":59}},"22":{"start":{"line":89,"column":26},"end":{"line":97,"column":null}},"23":{"start":{"line":101,"column":23},"end":{"line":103,"column":null}},"24":{"start":{"line":107,"column":13},"end":{"line":107,"column":55}},"25":{"start":{"line":110,"column":18},"end":{"line":110,"column":35}},"26":{"start":{"line":111,"column":23},"end":{"line":111,"column":46}},"27":{"start":{"line":114,"column":27},"end":{"line":120,"column":null}},"28":{"start":{"line":124,"column":31},"end":{"line":126,"column":null}},"29":{"start":{"line":129,"column":2},"end":{"line":134,"column":4}},"30":{"start":{"line":142,"column":2},"end":{"line":144,"column":3}},"31":{"start":{"line":143,"column":4},"end":{"line":143,"column":66}},"32":{"start":{"line":148,"column":2},"end":{"line":257,"column":3}},"33":{"start":{"line":150,"column":4},"end":{"line":152,"column":48}},"34":{"start":{"line":155,"column":4},"end":{"line":157,"column":5}},"35":{"start":{"line":156,"column":6},"end":{"line":156,"column":71}},"36":{"start":{"line":160,"column":4},"end":{"line":162,"column":5}},"37":{"start":{"line":161,"column":6},"end":{"line":161,"column":61}},"38":{"start":{"line":165,"column":23},"end":{"line":165,"column":64}},"39":{"start":{"line":165,"column":53},"end":{"line":165,"column":63}},"40":{"start":{"line":166,"column":19},"end":{"line":166,"column":61}},"41":{"start":{"line":166,"column":52},"end":{"line":166,"column":57}},"42":{"start":{"line":169,"column":4},"end":{"line":171,"column":5}},"43":{"start":{"line":170,"column":6},"end":{"line":170,"column":72}},"44":{"start":{"line":174,"column":4},"end":{"line":189,"column":5}},"45":{"start":{"line":175,"column":31},"end":{"line":175,"column":73}},"46":{"start":{"line":175,"column":61},"end":{"line":175,"column":72}},"47":{"start":{"line":176,"column":6},"end":{"line":178,"column":7}},"48":{"start":{"line":177,"column":8},"end":{"line":177,"column":87}},"49":{"start":{"line":181,"column":34},"end":{"line":183,"column":null}},"50":{"start":{"line":183,"column":10},"end":{"line":183,"column":66}},"51":{"start":{"line":186,"column":6},"end":{"line":188,"column":7}},"52":{"start":{"line":187,"column":8},"end":{"line":187,"column":74}},"53":{"start":{"line":192,"column":4},"end":{"line":202,"column":5}},"54":{"start":{"line":193,"column":6},"end":{"line":199,"column":8}},"55":{"start":{"line":201,"column":6},"end":{"line":201,"column":85}},"56":{"start":{"line":205,"column":23},"end":{"line":210,"column":6}},"57":{"start":{"line":212,"column":29},"end":{"line":212,"column":34}},"58":{"start":{"line":213,"column":4},"end":{"line":220,"column":5}},"59":{"start":{"line":213,"column":17},"end":{"line":213,"column":18}},"60":{"start":{"line":214,"column":6},"end":{"line":219,"column":7}},"61":{"start":{"line":215,"column":8},"end":{"line":215,"column":34}},"62":{"start":{"line":216,"column":8},"end":{"line":216,"column":14}},"63":{"start":{"line":217,"column":13},"end":{"line":219,"column":7}},"64":{"start":{"line":218,"column":8},"end":{"line":218,"column":14}},"65":{"start":{"line":223,"column":4},"end":{"line":225,"column":5}},"66":{"start":{"line":224,"column":6},"end":{"line":224,"column":85}},"67":{"start":{"line":228,"column":4},"end":{"line":253,"column":5}},"68":{"start":{"line":229,"column":26},"end":{"line":234,"column":null}},"69":{"start":{"line":238,"column":22},"end":{"line":241,"column":null}},"70":{"start":{"line":244,"column":6},"end":{"line":250,"column":8}},"71":{"start":{"line":252,"column":6},"end":{"line":252,"column":71}},"72":{"start":{"line":255,"column":4},"end":{"line":255,"column":51}},"73":{"start":{"line":256,"column":4},"end":{"line":256,"column":83}},"74":{"start":{"line":260,"column":2},"end":{"line":262,"column":3}},"75":{"start":{"line":261,"column":4},"end":{"line":261,"column":75}},"76":{"start":{"line":266,"column":2},"end":{"line":281,"column":3}},"77":{"start":{"line":268,"column":4},"end":{"line":277,"column":6}},"78":{"start":{"line":279,"column":4},"end":{"line":279,"column":55}},"79":{"start":{"line":280,"column":4},"end":{"line":280,"column":69}},"80":{"start":{"line":285,"column":2},"end":{"line":298,"column":3}},"81":{"start":{"line":286,"column":4},"end":{"line":295,"column":6}},"82":{"start":{"line":297,"column":4},"end":{"line":297,"column":83}},"83":{"start":{"line":302,"column":2},"end":{"line":318,"column":3}},"84":{"start":{"line":303,"column":4},"end":{"line":306,"column":6}},"85":{"start":{"line":309,"column":20},"end":{"line":309,"column":70}},"86":{"start":{"line":310,"column":21},"end":{"line":310,"column":44}},"87":{"start":{"line":311,"column":19},"end":{"line":311,"column":54}},"88":{"start":{"line":311,"column":45},"end":{"line":311,"column":50}},"89":{"start":{"line":312,"column":4},"end":{"line":314,"column":5}},"90":{"start":{"line":313,"column":6},"end":{"line":313,"column":55}},"91":{"start":{"line":316,"column":4},"end":{"line":316,"column":66}},"92":{"start":{"line":317,"column":4},"end":{"line":317,"column":83}},"93":{"start":{"line":320,"column":2},"end":{"line":350,"column":3}},"94":{"start":{"line":322,"column":29},"end":{"line":332,"column":6}},"95":{"start":{"line":330,"column":6},"end":{"line":330,"column":59}},"96":{"start":{"line":331,"column":6},"end":{"line":331,"column":77}},"97":{"start":{"line":335,"column":4},"end":{"line":337,"column":5}},"98":{"start":{"line":336,"column":6},"end":{"line":336,"column":70}},"99":{"start":{"line":339,"column":20},"end":{"line":339,"column":37}},"100":{"start":{"line":340,"column":24},"end":{"line":340,"column":56}},"101":{"start":{"line":341,"column":4},"end":{"line":343,"column":5}},"102":{"start":{"line":342,"column":6},"end":{"line":342,"column":70}},"103":{"start":{"line":344,"column":4},"end":{"line":344,"column":23}},"104":{"start":{"line":346,"column":4},"end":{"line":348,"column":5}},"105":{"start":{"line":347,"column":6},"end":{"line":347,"column":18}},"106":{"start":{"line":349,"column":4},"end":{"line":349,"column":83}}},"fnMap":{"0":{"name":"generateEphemeralKeyPair","decl":{"start":{"line":12,"column":15},"end":{"line":12,"column":39}},"loc":{"start":{"line":12,"column":39},"end":{"line":58,"column":1}}},"1":{"name":"deriveSharedSecret","decl":{"start":{"line":61,"column":15},"end":{"line":61,"column":33}},"loc":{"start":{"line":63,"column":22},"end":{"line":79,"column":1}}},"2":{"name":"encryptMessage","decl":{"start":{"line":81,"column":22},"end":{"line":81,"column":36}},"loc":{"start":{"line":83,"column":31},"end":{"line":135,"column":1}}},"3":{"name":"decryptMessage","decl":{"start":{"line":137,"column":22},"end":{"line":137,"column":36}},"loc":{"start":{"line":139,"column":24},"end":{"line":351,"column":1}}},"4":{"name":"(anonymous_4)","decl":{"start":{"line":165,"column":45},"end":{"line":165,"column":49}},"loc":{"start":{"line":165,"column":53},"end":{"line":165,"column":63}}},"5":{"name":"(anonymous_5)","decl":{"start":{"line":166,"column":42},"end":{"line":166,"column":43}},"loc":{"start":{"line":166,"column":52},"end":{"line":166,"column":57}}},"6":{"name":"(anonymous_6)","decl":{"start":{"line":175,"column":53},"end":{"line":175,"column":57}},"loc":{"start":{"line":175,"column":61},"end":{"line":175,"column":72}}},"7":{"name":"(anonymous_7)","decl":{"start":{"line":182,"column":67},"end":{"line":182,"column":68}},"loc":{"start":{"line":183,"column":10},"end":{"line":183,"column":66}}},"8":{"name":"(anonymous_8)","decl":{"start":{"line":311,"column":35},"end":{"line":311,"column":36}},"loc":{"start":{"line":311,"column":45},"end":{"line":311,"column":50}}},"9":{"name":"(anonymous_9)","decl":{"start":{"line":329,"column":12},"end":{"line":329,"column":13}},"loc":{"start":{"line":329,"column":22},"end":{"line":332,"column":5}}}},"branchMap":{"0":{"loc":{"start":{"line":29,"column":4},"end":{"line":33,"column":5}},"type":"if","locations":[{"start":{"line":29,"column":4},"end":{"line":33,"column":5}}]},"1":{"loc":{"start":{"line":29,"column":8},"end":{"line":29,"column":66}},"type":"binary-expr","locations":[{"start":{"line":29,"column":8},"end":{"line":29,"column":36}},{"start":{"line":29,"column":40},"end":{"line":29,"column":66}}]},"2":{"loc":{"start":{"line":53,"column":4},"end":{"line":55,"column":5}},"type":"if","locations":[{"start":{"line":53,"column":4},"end":{"line":55,"column":5}}]},"3":{"loc":{"start":{"line":142,"column":2},"end":{"line":144,"column":3}},"type":"if","locations":[{"start":{"line":142,"column":2},"end":{"line":144,"column":3}}]},"4":{"loc":{"start":{"line":150,"column":22},"end":{"line":152,"column":47}},"type":"cond-expr","locations":[{"start":{"line":151,"column":6},"end":{"line":151,"column":16}},{"start":{"line":152,"column":6},"end":{"line":152,"column":47}}]},"5":{"loc":{"start":{"line":155,"column":4},"end":{"line":157,"column":5}},"type":"if","locations":[{"start":{"line":155,"column":4},"end":{"line":157,"column":5}}]},"6":{"loc":{"start":{"line":160,"column":4},"end":{"line":162,"column":5}},"type":"if","locations":[{"start":{"line":160,"column":4},"end":{"line":162,"column":5}}]},"7":{"loc":{"start":{"line":160,"column":8},"end":{"line":160,"column":68}},"type":"binary-expr","locations":[{"start":{"line":160,"column":8},"end":{"line":160,"column":24}},{"start":{"line":160,"column":28},"end":{"line":160,"column":68}}]},"8":{"loc":{"start":{"line":169,"column":4},"end":{"line":171,"column":5}},"type":"if","locations":[{"start":{"line":169,"column":4},"end":{"line":171,"column":5}}]},"9":{"loc":{"start":{"line":169,"column":8},"end":{"line":169,"column":34}},"type":"binary-expr","locations":[{"start":{"line":169,"column":8},"end":{"line":169,"column":18}},{"start":{"line":169,"column":22},"end":{"line":169,"column":34}}]},"10":{"loc":{"start":{"line":174,"column":4},"end":{"line":189,"column":5}},"type":"if","locations":[{"start":{"line":174,"column":4},"end":{"line":189,"column":5}},{"start":{"line":179,"column":11},"end":{"line":189,"column":5}}]},"11":{"loc":{"start":{"line":176,"column":6},"end":{"line":178,"column":7}},"type":"if","locations":[{"start":{"line":176,"column":6},"end":{"line":178,"column":7}}]},"12":{"loc":{"start":{"line":181,"column":34},"end":{"line":183,"column":null}},"type":"binary-expr","locations":[{"start":{"line":181,"column":34},"end":{"line":181,"column":61}},{"start":{"line":182,"column":8},"end":{"line":183,"column":null}}]},"13":{"loc":{"start":{"line":186,"column":6},"end":{"line":188,"column":7}},"type":"if","locations":[{"start":{"line":186,"column":6},"end":{"line":188,"column":7}}]},"14":{"loc":{"start":{"line":214,"column":6},"end":{"line":219,"column":7}},"type":"if","locations":[{"start":{"line":214,"column":6},"end":{"line":219,"column":7}},{"start":{"line":217,"column":13},"end":{"line":219,"column":7}}]},"15":{"loc":{"start":{"line":217,"column":13},"end":{"line":219,"column":7}},"type":"if","locations":[{"start":{"line":217,"column":13},"end":{"line":219,"column":7}}]},"16":{"loc":{"start":{"line":223,"column":4},"end":{"line":225,"column":5}},"type":"if","locations":[{"start":{"line":223,"column":4},"end":{"line":225,"column":5}}]},"17":{"loc":{"start":{"line":260,"column":2},"end":{"line":262,"column":3}},"type":"if","locations":[{"start":{"line":260,"column":2},"end":{"line":262,"column":3}}]},"18":{"loc":{"start":{"line":260,"column":6},"end":{"line":260,"column":109}},"type":"binary-expr","locations":[{"start":{"line":260,"column":6},"end":{"line":260,"column":19}},{"start":{"line":260,"column":23},"end":{"line":260,"column":55}},{"start":{"line":260,"column":59},"end":{"line":260,"column":89}},{"start":{"line":260,"column":93},"end":{"line":260,"column":109}}]},"19":{"loc":{"start":{"line":312,"column":4},"end":{"line":314,"column":5}},"type":"if","locations":[{"start":{"line":312,"column":4},"end":{"line":314,"column":5}}]},"20":{"loc":{"start":{"line":335,"column":4},"end":{"line":337,"column":5}},"type":"if","locations":[{"start":{"line":335,"column":4},"end":{"line":337,"column":5}}]},"21":{"loc":{"start":{"line":335,"column":8},"end":{"line":335,"column":62}},"type":"binary-expr","locations":[{"start":{"line":335,"column":8},"end":{"line":335,"column":25}},{"start":{"line":335,"column":29},"end":{"line":335,"column":62}}]},"22":{"loc":{"start":{"line":341,"column":4},"end":{"line":343,"column":5}},"type":"if","locations":[{"start":{"line":341,"column":4},"end":{"line":343,"column":5}}]},"23":{"loc":{"start":{"line":346,"column":4},"end":{"line":348,"column":5}},"type":"if","locations":[{"start":{"line":346,"column":4},"end":{"line":348,"column":5}}]}},"s":{"0":2,"1":2,"2":2,"3":8,"4":8,"5":8,"6":8,"7":8,"8":0,"9":0,"10":8,"11":8,"12":0,"13":0,"14":8,"15":0,"16":0,"17":0,"18":0,"19":10,"20":10,"21":8,"22":8,"23":8,"24":8,"25":8,"26":8,"27":8,"28":8,"29":8,"30":3,"31":0,"32":3,"33":3,"34":3,"35":0,"36":3,"37":0,"38":3,"39":19,"40":3,"41":96,"42":3,"43":0,"44":3,"45":3,"46":34,"47":3,"48":1,"49":0,"50":0,"51":0,"52":0,"53":2,"54":2,"55":0,"56":2,"57":2,"58":2,"59":2,"60":2,"61":0,"62":0,"63":2,"64":2,"65":2,"66":0,"67":2,"68":2,"69":2,"70":2,"71":0,"72":1,"73":1,"74":2,"75":0,"76":2,"77":2,"78":0,"79":0,"80":2,"81":2,"82":0,"83":2,"84":2,"85":2,"86":2,"87":2,"88":64,"89":2,"90":0,"91":0,"92":0,"93":2,"94":2,"95":0,"96":0,"97":2,"98":0,"99":2,"100":2,"101":2,"102":0,"103":2,"104":0,"105":0,"106":0},"f":{"0":8,"1":10,"2":8,"3":3,"4":19,"5":96,"6":34,"7":0,"8":64,"9":0},"b":{"0":[0],"1":[8,8],"2":[0],"3":[0],"4":[3,0],"5":[0],"6":[0],"7":[3,3],"8":[0],"9":[3,3],"10":[3,0],"11":[1],"12":[0,0],"13":[0],"14":[0,2],"15":[2],"16":[0],"17":[0],"18":[2,2,2,2],"19":[0],"20":[0],"21":[2,2],"22":[0],"23":[0]}}
}
