TN:
SF:src/components/MediaUpload.tsx
FN:12,MediaUpload
FN:25,(anonymous_1)
FN:30,(anonymous_2)
FN:44,(anonymous_3)
FN:46,(anonymous_4)
FN:51,(anonymous_5)
FN:73,(anonymous_6)
FN:83,(anonymous_7)
FN:84,(anonymous_8)
FN:121,(anonymous_9)
FNF:10
FNH:7
FNDA:8,MediaUpload
FNDA:3,(anonymous_1)
FNDA:3,(anonymous_2)
FNDA:2,(anonymous_3)
FNDA:2,(anonymous_4)
FNDA:2,(anonymous_5)
FNDA:2,(anonymous_6)
FNDA:0,(anonymous_7)
FNDA:0,(anonymous_8)
FNDA:0,(anonymous_9)
DA:1,1
DA:2,1
DA:3,1
DA:4,1
DA:5,1
DA:6,1
DA:12,1
DA:13,8
DA:14,8
DA:21,8
DA:22,8
DA:23,8
DA:25,8
DA:26,3
DA:27,3
DA:30,3
DA:36,3
DA:38,3
DA:39,1
DA:43,2
DA:44,2
DA:45,2
DA:46,2
DA:47,2
DA:49,2
DA:51,2
DA:58,2
DA:59,1
DA:60,1
DA:64,1
DA:65,1
DA:68,2
DA:69,2
DA:73,2
DA:77,2
DA:78,2
DA:83,8
DA:84,0
DA:88,0
DA:89,0
DA:93,8
DA:121,0
LF:42
LH:38
BRDA:27,0,0,0
BRDA:38,1,0,1
BRDA:43,2,0,2
BRDA:59,3,0,1
BRDA:64,4,0,1
BRDA:68,5,0,2
BRDA:68,5,1,0
BRDA:69,6,0,1
BRDA:69,6,1,1
BRDA:71,7,0,1
BRDA:71,7,1,0
BRDA:77,8,0,2
BRDA:88,9,0,0
BRDA:95,10,0,8
BRDA:95,10,1,2
BRDA:109,11,0,2
BRDA:109,11,1,6
BRF:17
BRH:13
end_of_record
TN:
SF:src/components/SearchBar.tsx
FN:10,SearchBar
FN:19,(anonymous_7)
FN:30,(anonymous_8)
FN:50,(anonymous_9)
FN:53,(anonymous_10)
FN:74,(anonymous_11)
FN:90,(anonymous_12)
FN:97,(anonymous_13)
FN:106,(anonymous_14)
FN:109,(anonymous_15)
FNF:10
FNH:10
FNDA:11,SearchBar
FNDA:1,(anonymous_7)
FNDA:2,(anonymous_8)
FNDA:3,(anonymous_9)
FNDA:2,(anonymous_10)
FNDA:2,(anonymous_11)
FNDA:1,(anonymous_12)
FNDA:1,(anonymous_13)
FNDA:35,(anonymous_14)
FNDA:3,(anonymous_15)
DA:1,1
DA:2,1
DA:3,1
DA:10,1
DA:11,11
DA:12,11
DA:13,11
DA:19,11
DA:20,1
DA:26,1
DA:27,1
DA:30,11
DA:32,2
DA:33,2
DA:39,2
DA:46,2
DA:47,2
DA:50,11
DA:51,3
DA:52,3
DA:53,2
DA:56,3
DA:57,3
DA:58,3
DA:61,11
DA:74,2
DA:90,1
DA:97,1
DA:107,35
DA:109,3
LF:30
LH:30
BRDA:32,0,0,2
BRDA:32,0,1,0
BRDA:43,1,0,2
BRDA:43,1,1,0
BRDA:51,2,0,3
BRDA:51,2,1,0
BRDA:52,3,0,1
BRDA:52,3,1,2
BRDA:81,4,0,11
BRDA:81,4,1,7
BRDA:89,5,0,7
BRDA:89,5,1,5
BRDA:96,6,0,7
BRDA:96,6,1,6
BRDA:111,7,0,4
BRDA:111,7,1,31
BRF:16
BRH:13
end_of_record
TN:
SF:src/components/ui/button.tsx
FN:44,(anonymous_6)
FNF:1
FNH:1
FNDA:6,(anonymous_6)
DA:1,1
DA:2,1
DA:3,1
DA:5,1
DA:7,1
DA:43,1
DA:45,6
DA:46,6
DA:55,1
DA:57,1
LF:10
LH:10
BRDA:44,0,0,6
BRDA:45,1,0,0
BRDA:45,1,1,6
BRF:3
BRH:2
end_of_record
TN:
SF:src/contexts/LanguageContext.tsx
FN:218,LanguageProvider
FN:221,(anonymous_1)
FN:235,useLanguage
FNF:3
FNH:3
FNDA:12,LanguageProvider
FNDA:66,(anonymous_1)
FNDA:19,useLanguage
DA:2,3
DA:79,3
DA:216,3
DA:218,3
DA:219,12
DA:221,12
DA:222,66
DA:223,6
DA:225,60
DA:228,12
DA:235,3
DA:236,19
DA:237,19
DA:238,0
DA:240,19
LF:15
LH:14
BRDA:222,0,0,6
BRDA:237,1,0,0
BRF:2
BRH:1
end_of_record
TN:
SF:src/hooks/useKeyManagement.ts
FN:16,isUint8Array
FN:20,isArrayBuffer
FN:24,isArrayBufferView
FN:28,isNumberArray
FN:29,(anonymous_4)
FN:32,toUint8Array
FN:45,useKeyManagement
FN:50,(anonymous_7)
FN:218,(anonymous_8)
FN:256,(anonymous_9)
FN:271,(anonymous_10)
FN:280,(anonymous_11)
FN:312,(anonymous_12)
FN:329,(anonymous_13)
FN:330,(anonymous_14)
FNF:15
FNH:11
FNDA:12,isUint8Array
FNDA:0,isArrayBuffer
FNDA:0,isArrayBufferView
FNDA:0,isNumberArray
FNDA:0,(anonymous_4)
FNDA:6,toUint8Array
FNDA:12,useKeyManagement
FNDA:6,(anonymous_7)
FNDA:5,(anonymous_8)
FNDA:160,(anonymous_9)
FNDA:3,(anonymous_10)
FNDA:1,(anonymous_11)
FNDA:17,(anonymous_12)
FNDA:6,(anonymous_13)
FNDA:6,(anonymous_14)
DA:1,1
DA:2,1
DA:3,1
DA:4,1
DA:5,1
DA:16,1
DA:17,12
DA:20,1
DA:21,0
DA:24,1
DA:25,0
DA:28,1
DA:29,0
DA:32,1
DA:33,6
DA:34,6
DA:35,0
DA:36,0
DA:37,0
DA:38,0
DA:39,0
DA:40,0
DA:42,0
DA:45,1
DA:46,12
DA:47,12
DA:50,12
DA:51,6
DA:52,0
DA:56,0
DA:58,6
DA:60,6
DA:62,6
DA:64,6
DA:66,1
DA:67,1
DA:70,1
DA:71,0
DA:72,0
DA:77,1
DA:78,1
DA:79,0
DA:83,1
DA:85,1
DA:91,0
DA:92,0
DA:95,1
DA:102,1
DA:103,0
DA:104,0
DA:108,1
DA:109,1
DA:110,1
DA:111,0
DA:112,0
DA:114,1
DA:117,1
DA:125,1
DA:134,1
DA:136,1
DA:142,5
DA:145,5
DA:146,5
DA:150,5
DA:151,5
DA:152,0
DA:156,5
DA:158,5
DA:164,5
DA:165,0
DA:166,0
DA:169,0
DA:170,0
DA:174,5
DA:175,5
DA:176,5
DA:177,0
DA:178,0
DA:180,5
DA:183,5
DA:192,5
DA:202,5
DA:207,5
DA:210,0
DA:212,0
DA:213,0
DA:218,12
DA:219,5
DA:221,5
DA:222,5
DA:223,5
DA:224,40
DA:229,5
DA:230,5
DA:232,0
DA:236,5
DA:237,5
DA:238,5
DA:241,5
DA:251,5
DA:254,5
DA:255,5
DA:256,5
DA:257,160
DA:260,5
DA:265,0
DA:266,0
DA:271,12
DA:275,3
DA:276,3
DA:280,12
DA:283,1
DA:284,0
DA:287,1
DA:289,1
DA:290,0
DA:295,1
DA:296,1
DA:298,0
DA:302,1
DA:303,0
DA:304,0
DA:308,1
DA:309,1
DA:310,1
DA:311,1
DA:312,17
DA:313,0
DA:314,0
DA:316,1
DA:319,1
DA:321,0
DA:322,0
DA:323,0
DA:325,0
DA:329,12
DA:330,6
DA:331,6
DA:332,6
DA:333,6
DA:334,0
DA:335,0
DA:337,6
DA:338,0
DA:339,0
DA:341,6
DA:342,6
DA:344,0
DA:346,0
DA:350,6
DA:353,12
LF:151
LH:100
BRDA:29,0,0,0
BRDA:29,0,1,0
BRDA:33,1,0,6
BRDA:33,1,1,0
BRDA:35,2,0,0
BRDA:35,2,1,0
BRDA:37,3,0,0
BRDA:37,3,1,0
BRDA:39,4,0,0
BRDA:51,5,0,0
BRDA:51,6,0,6
BRDA:51,6,1,6
BRDA:64,7,0,1
BRDA:64,7,1,5
BRDA:70,8,0,0
BRDA:78,9,0,0
BRDA:102,10,0,0
BRDA:110,11,0,0
BRDA:151,12,0,0
BRDA:164,13,0,0
BRDA:176,14,0,0
BRDA:222,15,0,5
BRDA:222,15,1,0
BRDA:229,16,0,5
BRDA:229,16,1,0
BRDA:257,17,0,160
BRDA:275,18,0,0
BRDA:283,19,0,0
BRDA:289,20,0,0
BRDA:289,21,0,1
BRDA:289,21,1,1
BRDA:289,21,2,1
BRDA:295,22,0,1
BRDA:295,22,1,0
BRDA:302,23,0,0
BRDA:302,24,0,1
BRDA:302,24,1,1
BRDA:308,25,0,1
BRDA:312,26,0,0
BRDA:322,27,0,0
BRDA:333,28,0,0
BRDA:337,29,0,0
BRF:42
BRH:15
end_of_record
TN:
SF:src/lib/utils.ts
FN:4,cn
FNF:1
FNH:1
FNDA:6,cn
DA:1,1
DA:2,1
DA:4,1
DA:5,6
LF:4
LH:4
BRF:0
BRH:0
end_of_record
TN:
SF:src/test/test-utils.tsx
FN:114,(anonymous_5)
FN:118,(anonymous_6)
FN:122,(anonymous_7)
FN:123,(anonymous_8)
FN:124,(anonymous_9)
FN:127,(anonymous_10)
FN:128,(anonymous_11)
FN:129,(anonymous_12)
FN:132,(anonymous_13)
FN:138,(anonymous_14)
FN:139,(anonymous_15)
FN:140,(anonymous_16)
FN:24,(anonymous_17)
FN:31,(anonymous_18)
FN:35,(anonymous_19)
FN:39,(anonymous_20)
FN:43,(anonymous_21)
FN:47,(anonymous_22)
FN:51,(anonymous_23)
FN:55,(anonymous_24)
FN:66,(anonymous_25)
FN:72,(anonymous_26)
FN:77,(anonymous_27)
FN:82,(anonymous_28)
FN:93,(anonymous_29)
FN:167,(anonymous_30)
FN:183,customRender
FN:190,(anonymous_32)
FNF:28
FNH:10
FNDA:2,(anonymous_5)
FNDA:8,(anonymous_6)
FNDA:0,(anonymous_7)
FNDA:0,(anonymous_8)
FNDA:0,(anonymous_9)
FNDA:0,(anonymous_10)
FNDA:0,(anonymous_11)
FNDA:0,(anonymous_12)
FNDA:9,(anonymous_13)
FNDA:0,(anonymous_14)
FNDA:0,(anonymous_15)
FNDA:0,(anonymous_16)
FNDA:2,(anonymous_17)
FNDA:8,(anonymous_18)
FNDA:8,(anonymous_19)
FNDA:17,(anonymous_20)
FNDA:0,(anonymous_21)
FNDA:0,(anonymous_22)
FNDA:0,(anonymous_23)
FNDA:0,(anonymous_24)
FNDA:0,(anonymous_25)
FNDA:0,(anonymous_26)
FNDA:0,(anonymous_27)
FNDA:6,(anonymous_28)
FNDA:0,(anonymous_29)
FNDA:9,(anonymous_30)
FNDA:3,customRender
FNDA:0,(anonymous_32)
DA:1,2
DA:2,2
DA:3,2
DA:4,2
DA:5,2
DA:6,2
DA:8,2
DA:10,2
DA:11,2
DA:15,2
DA:16,2
DA:17,2
DA:18,2
DA:20,2
DA:21,2
DA:22,2
DA:25,2
DA:26,2
DA:27,2
DA:28,2
DA:32,8
DA:36,8
DA:40,17
DA:44,0
DA:48,0
DA:52,0
DA:53,0
DA:54,0
DA:55,0
DA:56,0
DA:57,0
DA:59,0
DA:60,0
DA:62,0
DA:67,0
DA:68,0
DA:69,0
DA:73,0
DA:74,0
DA:78,0
DA:79,0
DA:83,6
DA:86,6
DA:87,6
DA:88,384
DA:90,6
DA:98,0
DA:99,0
DA:104,2
DA:107,2
DA:108,2
DA:109,2
DA:110,2
DA:111,2
DA:114,2
DA:115,2
DA:116,2
DA:118,8
DA:122,0
DA:123,0
DA:127,0
DA:128,0
DA:129,0
DA:133,9
DA:156,9
DA:164,2
DA:167,2
DA:168,9
DA:187,3
DA:188,3
DA:190,0
DA:195,2
DA:196,2
DA:197,2
DA:198,2
LF:75
LH:49
BRDA:73,0,0,0
BRDA:78,1,0,0
BRDA:83,2,0,0
BRDA:98,3,0,0
BRF:4
BRH:0
end_of_record
TN:
SF:src/test/setup/crypto.mock.ts
FN:11,(anonymous_0)
FN:20,(anonymous_1)
FN:118,(anonymous_2)
FN:173,(anonymous_3)
FN:196,(anonymous_4)
FN:208,(anonymous_5)
FN:223,(anonymous_6)
FN:235,(anonymous_7)
FN:261,(anonymous_8)
FN:278,(anonymous_9)
FN:297,(anonymous_10)
FNF:11
FNH:10
FNDA:0,(anonymous_0)
FNDA:15,(anonymous_1)
FNDA:64,(anonymous_2)
FNDA:165,(anonymous_3)
FNDA:23,(anonymous_4)
FNDA:12,(anonymous_5)
FNDA:20,(anonymous_6)
FNDA:13,(anonymous_7)
FNDA:3,(anonymous_8)
FNDA:1,(anonymous_9)
FNDA:56,(anonymous_10)
DA:10,4
DA:13,0
DA:14,0
DA:15,0
DA:17,0
DA:22,15
DA:25,15
DA:26,15
DA:27,15
DA:29,15
DA:30,15
DA:32,15
DA:35,15
DA:36,15
DA:37,15
DA:38,15
DA:41,15
DA:42,15
DA:43,15
DA:44,15
DA:45,15
DA:48,15
DA:49,0
DA:53,15
DA:54,15
DA:57,15
DA:58,15
DA:59,15
DA:62,15
DA:63,15
DA:64,15
DA:65,15
DA:66,15
DA:67,15
DA:70,15
DA:71,15
DA:72,15
DA:73,15
DA:75,15
DA:91,15
DA:93,0
DA:94,0
DA:97,0
DA:99,0
DA:100,0
DA:101,0
DA:102,0
DA:105,0
DA:113,0
DA:114,0
DA:121,64
DA:122,62
DA:123,2
DA:124,2
DA:125,0
DA:126,0
DA:127,0
DA:128,0
DA:130,0
DA:134,64
DA:136,46
DA:138,36
DA:141,36
DA:142,21
DA:143,21
DA:144,21
DA:145,21
DA:146,0
DA:148,21
DA:152,36
DA:153,0
DA:157,10
DA:158,10
DA:161,10
DA:162,0
DA:166,10
DA:167,2
DA:168,2
DA:169,2
DA:173,165
DA:174,10
DA:175,5
DA:178,10
DA:183,64
DA:194,64
DA:198,23
DA:199,18
DA:200,5
DA:202,5
DA:203,5
DA:204,5
DA:206,0
DA:210,12
DA:215,12
DA:225,20
DA:229,20
DA:230,20
DA:231,640
DA:233,20
DA:237,13
DA:241,13
DA:242,13
DA:243,156
DA:246,13
DA:247,13
DA:250,13
DA:251,556
DA:256,13
DA:257,13
DA:258,13
DA:259,13
DA:263,3
DA:264,3
DA:265,0
DA:269,3
DA:270,0
DA:274,3
DA:275,3
DA:276,1
DA:277,1
DA:278,1
DA:279,0
DA:281,1
DA:284,3
DA:285,3
DA:286,3
DA:289,3
DA:290,145
DA:295,3
DA:299,56
DA:300,56
DA:301,56
DA:303,56
DA:304,1792
DA:306,56
DA:311,4
LF:136
LH:109
BRDA:13,0,0,0
BRDA:13,0,1,0
BRDA:22,1,0,15
BRDA:22,1,1,0
BRDA:25,2,0,15
BRDA:25,2,1,2
BRDA:26,3,0,15
BRDA:26,3,1,0
BRDA:29,4,0,15
BRDA:29,4,1,0
BRDA:43,5,0,15
BRDA:48,6,0,0
BRDA:79,7,0,15
BRDA:79,7,1,0
BRDA:86,8,0,15
BRDA:86,8,1,0
BRDA:121,9,0,62
BRDA:121,9,1,2
BRDA:123,10,0,2
BRDA:123,10,1,0
BRDA:125,11,0,0
BRDA:125,11,1,0
BRDA:127,12,0,0
BRDA:127,12,1,0
BRDA:134,13,0,46
BRDA:136,14,0,36
BRDA:136,14,1,10
BRDA:136,15,0,46
BRDA:136,15,1,46
BRDA:141,16,0,21
BRDA:145,17,0,0
BRDA:152,18,0,0
BRDA:157,19,0,10
BRDA:157,20,0,10
BRDA:157,20,1,0
BRDA:161,21,0,0
BRDA:161,22,0,10
BRDA:161,22,1,0
BRDA:166,23,0,2
BRDA:174,24,0,5
BRDA:184,25,0,64
BRDA:184,25,1,0
BRDA:187,26,0,64
BRDA:187,26,1,0
BRDA:188,27,0,64
BRDA:188,27,1,18
BRDA:198,28,0,18
BRDA:198,28,1,5
BRDA:198,29,0,23
BRDA:198,29,1,18
BRDA:200,30,0,5
BRDA:200,31,0,5
BRDA:200,31,1,5
BRDA:227,32,0,20
BRDA:227,32,1,0
BRDA:239,33,0,13
BRDA:239,33,1,0
BRDA:252,34,0,556
BRDA:252,34,1,0
BRDA:264,35,0,0
BRDA:264,36,0,3
BRDA:264,36,1,3
BRDA:264,36,2,3
BRDA:269,37,0,0
BRDA:269,38,0,3
BRDA:269,38,1,3
BRDA:275,39,0,1
BRDA:278,40,0,0
BRF:68
BRH:42
end_of_record
TN:
SF:src/utils/crypto.ts
FN:12,generateEphemeralKeyPair
FN:61,deriveSharedSecret
FN:81,encryptMessage
FN:137,decryptMessage
FN:165,(anonymous_4)
FN:166,(anonymous_5)
FN:175,(anonymous_6)
FN:182,(anonymous_7)
FN:311,(anonymous_8)
FN:329,(anonymous_9)
FNF:10
FNH:8
FNDA:8,generateEphemeralKeyPair
FNDA:10,deriveSharedSecret
FNDA:8,encryptMessage
FNDA:3,decryptMessage
FNDA:19,(anonymous_4)
FNDA:96,(anonymous_5)
FNDA:34,(anonymous_6)
FNDA:0,(anonymous_7)
FNDA:64,(anonymous_8)
FNDA:0,(anonymous_9)
DA:1,2
DA:13,8
DA:15,8
DA:25,8
DA:26,8
DA:29,8
DA:30,0
DA:32,0
DA:36,8
DA:37,8
DA:46,0
DA:47,0
DA:50,8
DA:52,0
DA:53,0
DA:54,0
DA:56,0
DA:65,10
DA:78,10
DA:81,2
DA:86,8
DA:89,8
DA:101,8
DA:107,8
DA:110,8
DA:111,8
DA:114,8
DA:124,8
DA:129,8
DA:137,2
DA:142,3
DA:143,0
DA:148,3
DA:150,3
DA:155,3
DA:156,0
DA:160,3
DA:161,0
DA:165,19
DA:166,96
DA:169,3
DA:170,0
DA:174,3
DA:175,34
DA:176,3
DA:177,1
DA:181,0
DA:183,0
DA:186,0
DA:187,0
DA:192,2
DA:193,2
DA:201,0
DA:205,2
DA:212,2
DA:213,2
DA:214,2
DA:215,0
DA:216,0
DA:217,2
DA:218,2
DA:223,2
DA:224,0
DA:228,2
DA:229,2
DA:238,2
DA:244,2
DA:252,0
DA:255,1
DA:256,1
DA:260,2
DA:261,0
DA:266,2
DA:268,2
DA:279,0
DA:280,0
DA:285,2
DA:286,2
DA:297,0
DA:302,2
DA:303,2
DA:309,2
DA:310,2
DA:311,64
DA:312,2
DA:313,0
DA:316,0
DA:317,0
DA:320,2
DA:322,2
DA:330,0
DA:331,0
DA:335,2
DA:336,0
DA:339,2
DA:340,2
DA:341,2
DA:342,0
DA:344,2
DA:346,0
DA:347,0
DA:349,0
LF:102
LH:67
BRDA:29,0,0,0
BRDA:29,1,0,8
BRDA:29,1,1,8
BRDA:53,2,0,0
BRDA:142,3,0,0
BRDA:150,4,0,3
BRDA:150,4,1,0
BRDA:155,5,0,0
BRDA:160,6,0,0
BRDA:160,7,0,3
BRDA:160,7,1,3
BRDA:169,8,0,0
BRDA:169,9,0,3
BRDA:169,9,1,3
BRDA:174,10,0,3
BRDA:174,10,1,0
BRDA:176,11,0,1
BRDA:181,12,0,0
BRDA:181,12,1,0
BRDA:186,13,0,0
BRDA:214,14,0,0
BRDA:214,14,1,2
BRDA:217,15,0,2
BRDA:223,16,0,0
BRDA:260,17,0,0
BRDA:260,18,0,2
BRDA:260,18,1,2
BRDA:260,18,2,2
BRDA:260,18,3,2
BRDA:312,19,0,0
BRDA:335,20,0,0
BRDA:335,21,0,2
BRDA:335,21,1,2
BRDA:341,22,0,0
BRDA:346,23,0,0
BRF:35
BRH:17
end_of_record
